<?xml version="1.0" encoding="UTF-8"?>
<testng-results skipped="6" failed="11" ignored="0" total="44" passed="27">
  <reporter-output>
  </reporter-output>
  <suite name="Suite" duration-ms="841774" started-at="2020-10-07T21:37:00 EDT" finished-at="2020-10-07T21:51:02 EDT">
    <groups>
    </groups>
    <test name="Dollar Days Test" duration-ms="841774" started-at="2020-10-07T21:37:00 EDT" finished-at="2020-10-07T21:51:02 EDT">
      <class name="com.dollardays.testcases.DonateTodayTestcase1team8">
        <test-method status="PASS" signature="beforeClass()[pri:0, instance:com.dollardays.testcases.DonateTodayTestcase1team8@77e4c80f]" name="beforeClass" is-config="true" duration-ms="1" started-at="2020-10-07T21:44:15 EDT" finished-at="2020-10-07T21:44:15 EDT">
          <reporter-output>
          </reporter-output>
        </test-method> <!-- beforeClass -->
        <test-method status="PASS" signature="setUpBrowser()[pri:0, instance:com.dollardays.testcases.DonateTodayTestcase1team8@77e4c80f]" name="setUpBrowser" is-config="true" duration-ms="12687" started-at="2020-10-07T21:44:15 EDT" finished-at="2020-10-07T21:44:27 EDT">
          <reporter-output>
          </reporter-output>
        </test-method> <!-- setUpBrowser -->
        <test-method status="PASS" signature="TC_04_verifyDonateTodayUnderWishlist(java.util.Hashtable)[pri:0, instance:com.dollardays.testcases.DonateTodayTestcase1team8@77e4c80f]" name="TC_04_verifyDonateTodayUnderWishlist" duration-ms="16275" started-at="2020-10-07T21:44:27 EDT" data-provider="dd-dataprovider" finished-at="2020-10-07T21:44:44 EDT">
          <params>
            <param index="0">
              <value>
                <![CDATA[{TestCase=Verify Donate Today, Password=cGFzc3dvcmQxMjM=, Runmode=Yes, SheetName=Sheet5, UserName=srikanthtesting100@gmail.com, TCID=TC4}]]>
              </value>
            </param>
          </params>
          <reporter-output>
          </reporter-output>
        </test-method> <!-- TC_04_verifyDonateTodayUnderWishlist -->
        <test-method status="PASS" signature="quit()[pri:0, instance:com.dollardays.testcases.DonateTodayTestcase1team8@77e4c80f]" name="quit" is-config="true" duration-ms="4872" started-at="2020-10-07T21:44:44 EDT" finished-at="2020-10-07T21:44:49 EDT">
          <reporter-output>
          </reporter-output>
        </test-method> <!-- quit -->
        <test-method status="PASS" signature="afterClass()[pri:0, instance:com.dollardays.testcases.DonateTodayTestcase1team8@77e4c80f]" name="afterClass" is-config="true" duration-ms="0" started-at="2020-10-07T21:44:49 EDT" finished-at="2020-10-07T21:44:49 EDT">
          <reporter-output>
          </reporter-output>
        </test-method> <!-- afterClass -->
      </class> <!-- com.dollardays.testcases.DonateTodayTestcase1team8 -->
      <class name="com.dollardays.testcases.WishlistPageB4loginTestcase">
        <test-method status="PASS" signature="setUpBrowser()[pri:0, instance:com.dollardays.testcases.WishlistPageB4loginTestcase@351d0846]" name="setUpBrowser" is-config="true" duration-ms="10066" started-at="2020-10-07T21:38:55 EDT" finished-at="2020-10-07T21:39:05 EDT">
          <reporter-output>
          </reporter-output>
        </test-method> <!-- setUpBrowser -->
        <test-method status="PASS" signature="beforeClass()[pri:0, instance:com.dollardays.testcases.WishlistPageB4loginTestcase@351d0846]" name="beforeClass" is-config="true" duration-ms="0" started-at="2020-10-07T21:38:55 EDT" finished-at="2020-10-07T21:38:55 EDT">
          <reporter-output>
          </reporter-output>
        </test-method> <!-- beforeClass -->
        <test-method status="PASS" signature="verifyCreateawishlistbtn()[pri:1, instance:com.dollardays.testcases.WishlistPageB4loginTestcase@351d0846]" name="verifyCreateawishlistbtn" duration-ms="9099" started-at="2020-10-07T21:39:05 EDT" finished-at="2020-10-07T21:39:14 EDT">
          <reporter-output>
          </reporter-output>
        </test-method> <!-- verifyCreateawishlistbtn -->
        <test-method status="PASS" signature="quit()[pri:0, instance:com.dollardays.testcases.WishlistPageB4loginTestcase@351d0846]" name="quit" is-config="true" duration-ms="5098" started-at="2020-10-07T21:39:14 EDT" finished-at="2020-10-07T21:39:19 EDT">
          <reporter-output>
          </reporter-output>
        </test-method> <!-- quit -->
        <test-method status="PASS" signature="setUpBrowser()[pri:0, instance:com.dollardays.testcases.WishlistPageB4loginTestcase@351d0846]" name="setUpBrowser" is-config="true" duration-ms="10990" started-at="2020-10-07T21:39:19 EDT" finished-at="2020-10-07T21:39:30 EDT">
          <reporter-output>
          </reporter-output>
        </test-method> <!-- setUpBrowser -->
        <test-method status="FAIL" signature="InspectAnnArborPublicSchoolsadDonatenowbtn()[pri:3, instance:com.dollardays.testcases.WishlistPageB4loginTestcase@351d0846]" name="InspectAnnArborPublicSchoolsadDonatenowbtn" duration-ms="5848" started-at="2020-10-07T21:39:30 EDT" finished-at="2020-10-07T21:39:36 EDT">
          <exception class="java.lang.AssertionError">
            <message>
              <![CDATA[expected [Wish List for Ann Arbor Public Schools] but found [Wishlist]]]>
            </message>
            <full-stacktrace>
              <![CDATA[java.lang.AssertionError: expected [Wish List for Ann Arbor Public Schools] but found [Wishlist]
at org.testng.Assert.fail(Assert.java:99)
at org.testng.Assert.failNotEquals(Assert.java:1037)
at org.testng.Assert.assertEqualsImpl(Assert.java:140)
at org.testng.Assert.assertEquals(Assert.java:122)
at org.testng.Assert.assertEquals(Assert.java:629)
at org.testng.Assert.assertEquals(Assert.java:639)
at com.dollardays.testcases.WishlistPageB4loginTestcase.InspectAnnArborPublicSchoolsadDonatenowbtn(WishlistPageB4loginTestcase.java:95)
at sun.reflect.NativeMethodAccessorImpl.invoke0(Native Method)
at sun.reflect.NativeMethodAccessorImpl.invoke(NativeMethodAccessorImpl.java:62)
at sun.reflect.DelegatingMethodAccessorImpl.invoke(DelegatingMethodAccessorImpl.java:43)
at java.lang.reflect.Method.invoke(Method.java:498)
at org.testng.internal.MethodInvocationHelper.invokeMethod(MethodInvocationHelper.java:132)
at org.testng.internal.TestInvoker.invokeMethod(TestInvoker.java:599)
at org.testng.internal.TestInvoker.invokeTestMethod(TestInvoker.java:174)
at org.testng.internal.MethodRunner.runInSequence(MethodRunner.java:46)
at org.testng.internal.TestInvoker$MethodInvocationAgent.invoke(TestInvoker.java:822)
at org.testng.internal.TestInvoker.invokeTestMethods(TestInvoker.java:147)
at org.testng.internal.TestMethodWorker.invokeTestMethods(TestMethodWorker.java:146)
at org.testng.internal.TestMethodWorker.run(TestMethodWorker.java:128)
at java.util.ArrayList.forEach(ArrayList.java:1259)
at org.testng.TestRunner.privateRun(TestRunner.java:764)
at org.testng.TestRunner.run(TestRunner.java:585)
at org.testng.SuiteRunner.runTest(SuiteRunner.java:384)
at org.testng.SuiteRunner.runSequentially(SuiteRunner.java:378)
at org.testng.SuiteRunner.privateRun(SuiteRunner.java:337)
at org.testng.SuiteRunner.run(SuiteRunner.java:286)
at org.testng.SuiteRunnerWorker.runSuite(SuiteRunnerWorker.java:53)
at org.testng.SuiteRunnerWorker.run(SuiteRunnerWorker.java:96)
at org.testng.TestNG.runSuitesSequentially(TestNG.java:1218)
at org.testng.TestNG.runSuitesLocally(TestNG.java:1140)
at org.testng.TestNG.runSuites(TestNG.java:1069)
at org.testng.TestNG.run(TestNG.java:1037)
at org.testng.remote.AbstractRemoteTestNG.run(AbstractRemoteTestNG.java:115)
at org.testng.remote.RemoteTestNG.initAndRun(RemoteTestNG.java:251)
at org.testng.remote.RemoteTestNG.main(RemoteTestNG.java:77)
]]>
            </full-stacktrace>
          </exception> <!-- java.lang.AssertionError -->
          <reporter-output>
          </reporter-output>
        </test-method> <!-- InspectAnnArborPublicSchoolsadDonatenowbtn -->
        <test-method status="PASS" signature="quit()[pri:0, instance:com.dollardays.testcases.WishlistPageB4loginTestcase@351d0846]" name="quit" is-config="true" duration-ms="5094" started-at="2020-10-07T21:39:36 EDT" finished-at="2020-10-07T21:39:41 EDT">
          <reporter-output>
          </reporter-output>
        </test-method> <!-- quit -->
        <test-method status="PASS" signature="setUpBrowser()[pri:0, instance:com.dollardays.testcases.WishlistPageB4loginTestcase@351d0846]" name="setUpBrowser" is-config="true" duration-ms="10331" started-at="2020-10-07T21:39:41 EDT" finished-at="2020-10-07T21:39:51 EDT">
          <reporter-output>
          </reporter-output>
        </test-method> <!-- setUpBrowser -->
        <test-method status="PASS" signature="InspectEdicationreliefpacksadDonatenowbtn()[pri:4, instance:com.dollardays.testcases.WishlistPageB4loginTestcase@351d0846]" name="InspectEdicationreliefpacksadDonatenowbtn" duration-ms="9508" started-at="2020-10-07T21:39:51 EDT" finished-at="2020-10-07T21:40:01 EDT">
          <reporter-output>
          </reporter-output>
        </test-method> <!-- InspectEdicationreliefpacksadDonatenowbtn -->
        <test-method status="PASS" signature="quit()[pri:0, instance:com.dollardays.testcases.WishlistPageB4loginTestcase@351d0846]" name="quit" is-config="true" duration-ms="5112" started-at="2020-10-07T21:40:01 EDT" finished-at="2020-10-07T21:40:06 EDT">
          <reporter-output>
          </reporter-output>
        </test-method> <!-- quit -->
        <test-method status="PASS" signature="setUpBrowser()[pri:0, instance:com.dollardays.testcases.WishlistPageB4loginTestcase@351d0846]" name="setUpBrowser" is-config="true" duration-ms="11442" started-at="2020-10-07T21:40:06 EDT" finished-at="2020-10-07T21:40:17 EDT">
          <reporter-output>
          </reporter-output>
        </test-method> <!-- setUpBrowser -->
        <test-method status="FAIL" signature="InspectPolkcountrymidschooladDonatenowbtn()[pri:5, instance:com.dollardays.testcases.WishlistPageB4loginTestcase@351d0846]" name="InspectPolkcountrymidschooladDonatenowbtn" duration-ms="5515" started-at="2020-10-07T21:40:17 EDT" finished-at="2020-10-07T21:40:23 EDT">
          <exception class="java.lang.AssertionError">
            <message>
              <![CDATA[expected [Wish List for Polk County Middle School 7th Grade] but found [Wishlist]]]>
            </message>
            <full-stacktrace>
              <![CDATA[java.lang.AssertionError: expected [Wish List for Polk County Middle School 7th Grade] but found [Wishlist]
at org.testng.Assert.fail(Assert.java:99)
at org.testng.Assert.failNotEquals(Assert.java:1037)
at org.testng.Assert.assertEqualsImpl(Assert.java:140)
at org.testng.Assert.assertEquals(Assert.java:122)
at org.testng.Assert.assertEquals(Assert.java:629)
at org.testng.Assert.assertEquals(Assert.java:639)
at com.dollardays.testcases.WishlistPageB4loginTestcase.InspectPolkcountrymidschooladDonatenowbtn(WishlistPageB4loginTestcase.java:128)
at sun.reflect.NativeMethodAccessorImpl.invoke0(Native Method)
at sun.reflect.NativeMethodAccessorImpl.invoke(NativeMethodAccessorImpl.java:62)
at sun.reflect.DelegatingMethodAccessorImpl.invoke(DelegatingMethodAccessorImpl.java:43)
at java.lang.reflect.Method.invoke(Method.java:498)
at org.testng.internal.MethodInvocationHelper.invokeMethod(MethodInvocationHelper.java:132)
at org.testng.internal.TestInvoker.invokeMethod(TestInvoker.java:599)
at org.testng.internal.TestInvoker.invokeTestMethod(TestInvoker.java:174)
at org.testng.internal.MethodRunner.runInSequence(MethodRunner.java:46)
at org.testng.internal.TestInvoker$MethodInvocationAgent.invoke(TestInvoker.java:822)
at org.testng.internal.TestInvoker.invokeTestMethods(TestInvoker.java:147)
at org.testng.internal.TestMethodWorker.invokeTestMethods(TestMethodWorker.java:146)
at org.testng.internal.TestMethodWorker.run(TestMethodWorker.java:128)
at java.util.ArrayList.forEach(ArrayList.java:1259)
at org.testng.TestRunner.privateRun(TestRunner.java:764)
at org.testng.TestRunner.run(TestRunner.java:585)
at org.testng.SuiteRunner.runTest(SuiteRunner.java:384)
at org.testng.SuiteRunner.runSequentially(SuiteRunner.java:378)
at org.testng.SuiteRunner.privateRun(SuiteRunner.java:337)
at org.testng.SuiteRunner.run(SuiteRunner.java:286)
at org.testng.SuiteRunnerWorker.runSuite(SuiteRunnerWorker.java:53)
at org.testng.SuiteRunnerWorker.run(SuiteRunnerWorker.java:96)
at org.testng.TestNG.runSuitesSequentially(TestNG.java:1218)
at org.testng.TestNG.runSuitesLocally(TestNG.java:1140)
at org.testng.TestNG.runSuites(TestNG.java:1069)
at org.testng.TestNG.run(TestNG.java:1037)
at org.testng.remote.AbstractRemoteTestNG.run(AbstractRemoteTestNG.java:115)
at org.testng.remote.RemoteTestNG.initAndRun(RemoteTestNG.java:251)
at org.testng.remote.RemoteTestNG.main(RemoteTestNG.java:77)
]]>
            </full-stacktrace>
          </exception> <!-- java.lang.AssertionError -->
          <reporter-output>
          </reporter-output>
        </test-method> <!-- InspectPolkcountrymidschooladDonatenowbtn -->
        <test-method status="PASS" signature="quit()[pri:0, instance:com.dollardays.testcases.WishlistPageB4loginTestcase@351d0846]" name="quit" is-config="true" duration-ms="5193" started-at="2020-10-07T21:40:23 EDT" finished-at="2020-10-07T21:40:28 EDT">
          <reporter-output>
          </reporter-output>
        </test-method> <!-- quit -->
        <test-method status="PASS" signature="setUpBrowser()[pri:0, instance:com.dollardays.testcases.WishlistPageB4loginTestcase@351d0846]" name="setUpBrowser" is-config="true" duration-ms="11354" started-at="2020-10-07T21:40:29 EDT" finished-at="2020-10-07T21:40:40 EDT">
          <reporter-output>
          </reporter-output>
        </test-method> <!-- setUpBrowser -->
        <test-method status="FAIL" signature="VerifyCityStateandorzipcodefieldfunctionalityInvaliddata(java.util.Hashtable)[pri:7, instance:com.dollardays.testcases.WishlistPageB4loginTestcase@351d0846]" name="VerifyCityStateandorzipcodefieldfunctionalityInvaliddata" duration-ms="7324" started-at="2020-10-07T21:40:40 EDT" data-provider="dd-dataprovider" finished-at="2020-10-07T21:40:48 EDT">
          <params>
            <param index="0">
              <value>
                <![CDATA[{TestCase=Verify search by City, State and/or zip code field functionality with invalid data, Password=, Runmode=Yes, SheetName=Sheet3, Input=8888888.0, UserName=, TCID=TC1}]]>
              </value>
            </param>
          </params>
          <exception class="org.openqa.selenium.WebDriverException">
            <message>
              <![CDATA[element click intercepted: Element is not clickable at point (1246, 644)
  (Session info: chrome=85.0.4183.121)
  (Driver info: chromedriver=85.0.4183.87 (cd6713ebf92fa1cacc0f1a598df280093af0c5d7-refs/branch-heads/4183@{#1689}),platform=Windows NT 10.0.18362 x86_64) (WARNING: The server did not provide any stacktrace information)
Command duration or timeout: 1.09 seconds
Build info: version: '2.53.1', revision: 'a36b8b1cd5757287168e54b817830adce9b0158d', time: '2016-06-30 19:26:09'
System info: host: 'MININT-UM25UFB', ip: '10.0.75.1', os.name: 'Windows 10', os.arch: 'amd64', os.version: '10.0', java.version: '1.8.0_261'
Driver info: org.openqa.selenium.chrome.ChromeDriver
Capabilities [{mobileEmulationEnabled=false, timeouts={implicit=0, pageLoad=300000, script=30000}, hasTouchScreen=false, platform=XP, acceptSslCerts=false, goog:chromeOptions={debuggerAddress=localhost:58773}, acceptInsecureCerts=false, webStorageEnabled=true, browserName=chrome, takesScreenshot=true, javascriptEnabled=true, setWindowRect=true, unexpectedAlertBehaviour=ignore, applicationCacheEnabled=false, rotatable=false, networkConnectionEnabled=false, chrome={chromedriverVersion=85.0.4183.87 (cd6713ebf92fa1cacc0f1a598df280093af0c5d7-refs/branch-heads/4183@{#1689}), userDataDir=C:\Users\Rajesh\AppData\Local\Temp\scoped_dir17984_1646732491}, takesHeapSnapshot=true, pageLoadStrategy=normal, strictFileInteractability=false, databaseEnabled=false, handlesAlerts=true, version=85.0.4183.121, browserConnectionEnabled=false, proxy={}, nativeEvents=true, locationContextEnabled=true, cssSelectorsEnabled=true, webauthn:virtualAuthenticators=true}]
Session ID: 2c8bf23b0db0560a2f7ed28b26bfe7b3]]>
            </message>
            <full-stacktrace>
              <![CDATA[org.openqa.selenium.WebDriverException: element click intercepted: Element is not clickable at point (1246, 644)
  (Session info: chrome=85.0.4183.121)
  (Driver info: chromedriver=85.0.4183.87 (cd6713ebf92fa1cacc0f1a598df280093af0c5d7-refs/branch-heads/4183@{#1689}),platform=Windows NT 10.0.18362 x86_64) (WARNING: The server did not provide any stacktrace information)
Command duration or timeout: 1.09 seconds
Build info: version: '2.53.1', revision: 'a36b8b1cd5757287168e54b817830adce9b0158d', time: '2016-06-30 19:26:09'
System info: host: 'MININT-UM25UFB', ip: '10.0.75.1', os.name: 'Windows 10', os.arch: 'amd64', os.version: '10.0', java.version: '1.8.0_261'
Driver info: org.openqa.selenium.chrome.ChromeDriver
Capabilities [{mobileEmulationEnabled=false, timeouts={implicit=0, pageLoad=300000, script=30000}, hasTouchScreen=false, platform=XP, acceptSslCerts=false, goog:chromeOptions={debuggerAddress=localhost:58773}, acceptInsecureCerts=false, webStorageEnabled=true, browserName=chrome, takesScreenshot=true, javascriptEnabled=true, setWindowRect=true, unexpectedAlertBehaviour=ignore, applicationCacheEnabled=false, rotatable=false, networkConnectionEnabled=false, chrome={chromedriverVersion=85.0.4183.87 (cd6713ebf92fa1cacc0f1a598df280093af0c5d7-refs/branch-heads/4183@{#1689}), userDataDir=C:\Users\Rajesh\AppData\Local\Temp\scoped_dir17984_1646732491}, takesHeapSnapshot=true, pageLoadStrategy=normal, strictFileInteractability=false, databaseEnabled=false, handlesAlerts=true, version=85.0.4183.121, browserConnectionEnabled=false, proxy={}, nativeEvents=true, locationContextEnabled=true, cssSelectorsEnabled=true, webauthn:virtualAuthenticators=true}]
Session ID: 2c8bf23b0db0560a2f7ed28b26bfe7b3
at sun.reflect.NativeConstructorAccessorImpl.newInstance0(Native Method)
at sun.reflect.NativeConstructorAccessorImpl.newInstance(NativeConstructorAccessorImpl.java:62)
at sun.reflect.DelegatingConstructorAccessorImpl.newInstance(DelegatingConstructorAccessorImpl.java:45)
at java.lang.reflect.Constructor.newInstance(Constructor.java:423)
at org.openqa.selenium.remote.ErrorHandler.createThrowable(ErrorHandler.java:206)
at org.openqa.selenium.remote.ErrorHandler.throwIfResponseFailed(ErrorHandler.java:158)
at org.openqa.selenium.remote.RemoteWebDriver.execute(RemoteWebDriver.java:678)
at org.openqa.selenium.remote.RemoteWebElement.execute(RemoteWebElement.java:327)
at org.openqa.selenium.remote.RemoteWebElement.click(RemoteWebElement.java:85)
at sun.reflect.GeneratedMethodAccessor1.invoke(Unknown Source)
at sun.reflect.DelegatingMethodAccessorImpl.invoke(DelegatingMethodAccessorImpl.java:43)
at java.lang.reflect.Method.invoke(Method.java:498)
at org.openqa.selenium.support.pagefactory.internal.LocatingElementHandler.invoke(LocatingElementHandler.java:51)
at com.sun.proxy.$Proxy10.click(Unknown Source)
at com.dollardays.pages.Team8WishlistPage.CityStateZipTextfield(Team8WishlistPage.java:248)
at com.dollardays.testcases.WishlistPageB4loginTestcase.VerifyCityStateandorzipcodefieldfunctionalityInvaliddata(WishlistPageB4loginTestcase.java:32)
at sun.reflect.NativeMethodAccessorImpl.invoke0(Native Method)
at sun.reflect.NativeMethodAccessorImpl.invoke(NativeMethodAccessorImpl.java:62)
at sun.reflect.DelegatingMethodAccessorImpl.invoke(DelegatingMethodAccessorImpl.java:43)
at java.lang.reflect.Method.invoke(Method.java:498)
at org.testng.internal.MethodInvocationHelper.invokeMethod(MethodInvocationHelper.java:132)
at org.testng.internal.TestInvoker.invokeMethod(TestInvoker.java:599)
at org.testng.internal.TestInvoker.invokeTestMethod(TestInvoker.java:174)
at org.testng.internal.MethodRunner.runInSequence(MethodRunner.java:46)
at org.testng.internal.TestInvoker$MethodInvocationAgent.invoke(TestInvoker.java:822)
at org.testng.internal.TestInvoker.invokeTestMethods(TestInvoker.java:147)
at org.testng.internal.TestMethodWorker.invokeTestMethods(TestMethodWorker.java:146)
at org.testng.internal.TestMethodWorker.run(TestMethodWorker.java:128)
at java.util.ArrayList.forEach(ArrayList.java:1259)
at org.testng.TestRunner.privateRun(TestRunner.java:764)
at org.testng.TestRunner.run(TestRunner.java:585)
at org.testng.SuiteRunner.runTest(SuiteRunner.java:384)
at org.testng.SuiteRunner.runSequentially(SuiteRunner.java:378)
at org.testng.SuiteRunner.privateRun(SuiteRunner.java:337)
at org.testng.SuiteRunner.run(SuiteRunner.java:286)
at org.testng.SuiteRunnerWorker.runSuite(SuiteRunnerWorker.java:53)
at org.testng.SuiteRunnerWorker.run(SuiteRunnerWorker.java:96)
at org.testng.TestNG.runSuitesSequentially(TestNG.java:1218)
at org.testng.TestNG.runSuitesLocally(TestNG.java:1140)
at org.testng.TestNG.runSuites(TestNG.java:1069)
at org.testng.TestNG.run(TestNG.java:1037)
at org.testng.remote.AbstractRemoteTestNG.run(AbstractRemoteTestNG.java:115)
at org.testng.remote.RemoteTestNG.initAndRun(RemoteTestNG.java:251)
at org.testng.remote.RemoteTestNG.main(RemoteTestNG.java:77)
]]>
            </full-stacktrace>
          </exception> <!-- org.openqa.selenium.WebDriverException -->
          <reporter-output>
          </reporter-output>
        </test-method> <!-- VerifyCityStateandorzipcodefieldfunctionalityInvaliddata -->
        <test-method status="PASS" signature="quit()[pri:0, instance:com.dollardays.testcases.WishlistPageB4loginTestcase@351d0846]" name="quit" is-config="true" duration-ms="5100" started-at="2020-10-07T21:40:48 EDT" finished-at="2020-10-07T21:40:53 EDT">
          <reporter-output>
          </reporter-output>
        </test-method> <!-- quit -->
        <test-method status="PASS" signature="setUpBrowser()[pri:0, instance:com.dollardays.testcases.WishlistPageB4loginTestcase@351d0846]" name="setUpBrowser" is-config="true" duration-ms="10721" started-at="2020-10-07T21:40:53 EDT" finished-at="2020-10-07T21:41:04 EDT">
          <reporter-output>
          </reporter-output>
        </test-method> <!-- setUpBrowser -->
        <test-method status="FAIL" signature="VerifyCityStateandorzipcodefieldfunctionalityInvaliddata(java.util.Hashtable)[pri:7, instance:com.dollardays.testcases.WishlistPageB4loginTestcase@351d0846]" name="VerifyCityStateandorzipcodefieldfunctionalityInvaliddata" duration-ms="6339" started-at="2020-10-07T21:41:04 EDT" data-provider="dd-dataprovider" finished-at="2020-10-07T21:41:10 EDT">
          <params>
            <param index="0">
              <value>
                <![CDATA[{TestCase=, Password=, Runmode=Yes, SheetName=Sheet3, Input=khjhvjh, UserName=, TCID=TC2}]]>
              </value>
            </param>
          </params>
          <exception class="org.openqa.selenium.WebDriverException">
            <message>
              <![CDATA[element click intercepted: Element is not clickable at point (1246, 644)
  (Session info: chrome=85.0.4183.121)
  (Driver info: chromedriver=85.0.4183.87 (cd6713ebf92fa1cacc0f1a598df280093af0c5d7-refs/branch-heads/4183@{#1689}),platform=Windows NT 10.0.18362 x86_64) (WARNING: The server did not provide any stacktrace information)
Command duration or timeout: 1.09 seconds
Build info: version: '2.53.1', revision: 'a36b8b1cd5757287168e54b817830adce9b0158d', time: '2016-06-30 19:26:09'
System info: host: 'MININT-UM25UFB', ip: '10.0.75.1', os.name: 'Windows 10', os.arch: 'amd64', os.version: '10.0', java.version: '1.8.0_261'
Driver info: org.openqa.selenium.chrome.ChromeDriver
Capabilities [{mobileEmulationEnabled=false, timeouts={implicit=0, pageLoad=300000, script=30000}, hasTouchScreen=false, platform=XP, acceptSslCerts=false, goog:chromeOptions={debuggerAddress=localhost:58869}, acceptInsecureCerts=false, webStorageEnabled=true, browserName=chrome, takesScreenshot=true, javascriptEnabled=true, setWindowRect=true, unexpectedAlertBehaviour=ignore, applicationCacheEnabled=false, rotatable=false, networkConnectionEnabled=false, chrome={chromedriverVersion=85.0.4183.87 (cd6713ebf92fa1cacc0f1a598df280093af0c5d7-refs/branch-heads/4183@{#1689}), userDataDir=C:\Users\Rajesh\AppData\Local\Temp\scoped_dir12864_470033347}, takesHeapSnapshot=true, pageLoadStrategy=normal, strictFileInteractability=false, databaseEnabled=false, handlesAlerts=true, version=85.0.4183.121, browserConnectionEnabled=false, proxy={}, nativeEvents=true, locationContextEnabled=true, cssSelectorsEnabled=true, webauthn:virtualAuthenticators=true}]
Session ID: 57760240cbf3e9ff035dde1886370f79]]>
            </message>
            <full-stacktrace>
              <![CDATA[org.openqa.selenium.WebDriverException: element click intercepted: Element is not clickable at point (1246, 644)
  (Session info: chrome=85.0.4183.121)
  (Driver info: chromedriver=85.0.4183.87 (cd6713ebf92fa1cacc0f1a598df280093af0c5d7-refs/branch-heads/4183@{#1689}),platform=Windows NT 10.0.18362 x86_64) (WARNING: The server did not provide any stacktrace information)
Command duration or timeout: 1.09 seconds
Build info: version: '2.53.1', revision: 'a36b8b1cd5757287168e54b817830adce9b0158d', time: '2016-06-30 19:26:09'
System info: host: 'MININT-UM25UFB', ip: '10.0.75.1', os.name: 'Windows 10', os.arch: 'amd64', os.version: '10.0', java.version: '1.8.0_261'
Driver info: org.openqa.selenium.chrome.ChromeDriver
Capabilities [{mobileEmulationEnabled=false, timeouts={implicit=0, pageLoad=300000, script=30000}, hasTouchScreen=false, platform=XP, acceptSslCerts=false, goog:chromeOptions={debuggerAddress=localhost:58869}, acceptInsecureCerts=false, webStorageEnabled=true, browserName=chrome, takesScreenshot=true, javascriptEnabled=true, setWindowRect=true, unexpectedAlertBehaviour=ignore, applicationCacheEnabled=false, rotatable=false, networkConnectionEnabled=false, chrome={chromedriverVersion=85.0.4183.87 (cd6713ebf92fa1cacc0f1a598df280093af0c5d7-refs/branch-heads/4183@{#1689}), userDataDir=C:\Users\Rajesh\AppData\Local\Temp\scoped_dir12864_470033347}, takesHeapSnapshot=true, pageLoadStrategy=normal, strictFileInteractability=false, databaseEnabled=false, handlesAlerts=true, version=85.0.4183.121, browserConnectionEnabled=false, proxy={}, nativeEvents=true, locationContextEnabled=true, cssSelectorsEnabled=true, webauthn:virtualAuthenticators=true}]
Session ID: 57760240cbf3e9ff035dde1886370f79
at sun.reflect.NativeConstructorAccessorImpl.newInstance0(Native Method)
at sun.reflect.NativeConstructorAccessorImpl.newInstance(NativeConstructorAccessorImpl.java:62)
at sun.reflect.DelegatingConstructorAccessorImpl.newInstance(DelegatingConstructorAccessorImpl.java:45)
at java.lang.reflect.Constructor.newInstance(Constructor.java:423)
at org.openqa.selenium.remote.ErrorHandler.createThrowable(ErrorHandler.java:206)
at org.openqa.selenium.remote.ErrorHandler.throwIfResponseFailed(ErrorHandler.java:158)
at org.openqa.selenium.remote.RemoteWebDriver.execute(RemoteWebDriver.java:678)
at org.openqa.selenium.remote.RemoteWebElement.execute(RemoteWebElement.java:327)
at org.openqa.selenium.remote.RemoteWebElement.click(RemoteWebElement.java:85)
at sun.reflect.GeneratedMethodAccessor1.invoke(Unknown Source)
at sun.reflect.DelegatingMethodAccessorImpl.invoke(DelegatingMethodAccessorImpl.java:43)
at java.lang.reflect.Method.invoke(Method.java:498)
at org.openqa.selenium.support.pagefactory.internal.LocatingElementHandler.invoke(LocatingElementHandler.java:51)
at com.sun.proxy.$Proxy10.click(Unknown Source)
at com.dollardays.pages.Team8WishlistPage.CityStateZipTextfield(Team8WishlistPage.java:248)
at com.dollardays.testcases.WishlistPageB4loginTestcase.VerifyCityStateandorzipcodefieldfunctionalityInvaliddata(WishlistPageB4loginTestcase.java:32)
at sun.reflect.NativeMethodAccessorImpl.invoke0(Native Method)
at sun.reflect.NativeMethodAccessorImpl.invoke(NativeMethodAccessorImpl.java:62)
at sun.reflect.DelegatingMethodAccessorImpl.invoke(DelegatingMethodAccessorImpl.java:43)
at java.lang.reflect.Method.invoke(Method.java:498)
at org.testng.internal.MethodInvocationHelper.invokeMethod(MethodInvocationHelper.java:132)
at org.testng.internal.TestInvoker.invokeMethod(TestInvoker.java:599)
at org.testng.internal.TestInvoker.invokeTestMethod(TestInvoker.java:174)
at org.testng.internal.MethodRunner.runInSequence(MethodRunner.java:46)
at org.testng.internal.TestInvoker$MethodInvocationAgent.invoke(TestInvoker.java:822)
at org.testng.internal.TestInvoker.invokeTestMethods(TestInvoker.java:147)
at org.testng.internal.TestMethodWorker.invokeTestMethods(TestMethodWorker.java:146)
at org.testng.internal.TestMethodWorker.run(TestMethodWorker.java:128)
at java.util.ArrayList.forEach(ArrayList.java:1259)
at org.testng.TestRunner.privateRun(TestRunner.java:764)
at org.testng.TestRunner.run(TestRunner.java:585)
at org.testng.SuiteRunner.runTest(SuiteRunner.java:384)
at org.testng.SuiteRunner.runSequentially(SuiteRunner.java:378)
at org.testng.SuiteRunner.privateRun(SuiteRunner.java:337)
at org.testng.SuiteRunner.run(SuiteRunner.java:286)
at org.testng.SuiteRunnerWorker.runSuite(SuiteRunnerWorker.java:53)
at org.testng.SuiteRunnerWorker.run(SuiteRunnerWorker.java:96)
at org.testng.TestNG.runSuitesSequentially(TestNG.java:1218)
at org.testng.TestNG.runSuitesLocally(TestNG.java:1140)
at org.testng.TestNG.runSuites(TestNG.java:1069)
at org.testng.TestNG.run(TestNG.java:1037)
at org.testng.remote.AbstractRemoteTestNG.run(AbstractRemoteTestNG.java:115)
at org.testng.remote.RemoteTestNG.initAndRun(RemoteTestNG.java:251)
at org.testng.remote.RemoteTestNG.main(RemoteTestNG.java:77)
]]>
            </full-stacktrace>
          </exception> <!-- org.openqa.selenium.WebDriverException -->
          <reporter-output>
          </reporter-output>
        </test-method> <!-- VerifyCityStateandorzipcodefieldfunctionalityInvaliddata -->
        <test-method status="PASS" signature="quit()[pri:0, instance:com.dollardays.testcases.WishlistPageB4loginTestcase@351d0846]" name="quit" is-config="true" duration-ms="5098" started-at="2020-10-07T21:41:10 EDT" finished-at="2020-10-07T21:41:15 EDT">
          <reporter-output>
          </reporter-output>
        </test-method> <!-- quit -->
        <test-method status="PASS" signature="setUpBrowser()[pri:0, instance:com.dollardays.testcases.WishlistPageB4loginTestcase@351d0846]" name="setUpBrowser" is-config="true" duration-ms="10792" started-at="2020-10-07T21:41:15 EDT" finished-at="2020-10-07T21:41:26 EDT">
          <reporter-output>
          </reporter-output>
        </test-method> <!-- setUpBrowser -->
        <test-method status="FAIL" signature="VerifyCityStateandorzipcodefieldfunctionalityInvaliddata(java.util.Hashtable)[pri:7, instance:com.dollardays.testcases.WishlistPageB4loginTestcase@351d0846]" name="VerifyCityStateandorzipcodefieldfunctionalityInvaliddata" duration-ms="7291" started-at="2020-10-07T21:41:26 EDT" data-provider="dd-dataprovider" finished-at="2020-10-07T21:41:33 EDT">
          <params>
            <param index="0">
              <value>
                <![CDATA[{TestCase=, Password=, Runmode=Yes, SheetName=Sheet3, Input=Tamil, UserName=, TCID=TC3}]]>
              </value>
            </param>
          </params>
          <exception class="org.openqa.selenium.WebDriverException">
            <message>
              <![CDATA[element click intercepted: Element is not clickable at point (1230, 627)
  (Session info: chrome=85.0.4183.121)
  (Driver info: chromedriver=85.0.4183.87 (cd6713ebf92fa1cacc0f1a598df280093af0c5d7-refs/branch-heads/4183@{#1689}),platform=Windows NT 10.0.18362 x86_64) (WARNING: The server did not provide any stacktrace information)
Command duration or timeout: 1.31 seconds
Build info: version: '2.53.1', revision: 'a36b8b1cd5757287168e54b817830adce9b0158d', time: '2016-06-30 19:26:09'
System info: host: 'MININT-UM25UFB', ip: '10.0.75.1', os.name: 'Windows 10', os.arch: 'amd64', os.version: '10.0', java.version: '1.8.0_261'
Driver info: org.openqa.selenium.chrome.ChromeDriver
Capabilities [{mobileEmulationEnabled=false, timeouts={implicit=0, pageLoad=300000, script=30000}, hasTouchScreen=false, platform=XP, acceptSslCerts=false, goog:chromeOptions={debuggerAddress=localhost:58949}, acceptInsecureCerts=false, webStorageEnabled=true, browserName=chrome, takesScreenshot=true, javascriptEnabled=true, setWindowRect=true, unexpectedAlertBehaviour=ignore, applicationCacheEnabled=false, rotatable=false, networkConnectionEnabled=false, chrome={chromedriverVersion=85.0.4183.87 (cd6713ebf92fa1cacc0f1a598df280093af0c5d7-refs/branch-heads/4183@{#1689}), userDataDir=C:\Users\Rajesh\AppData\Local\Temp\scoped_dir2512_2037279939}, takesHeapSnapshot=true, pageLoadStrategy=normal, strictFileInteractability=false, databaseEnabled=false, handlesAlerts=true, version=85.0.4183.121, browserConnectionEnabled=false, proxy={}, nativeEvents=true, locationContextEnabled=true, cssSelectorsEnabled=true, webauthn:virtualAuthenticators=true}]
Session ID: e5f4eb0834cf9e16d769dca67b5026c8]]>
            </message>
            <full-stacktrace>
              <![CDATA[org.openqa.selenium.WebDriverException: element click intercepted: Element is not clickable at point (1230, 627)
  (Session info: chrome=85.0.4183.121)
  (Driver info: chromedriver=85.0.4183.87 (cd6713ebf92fa1cacc0f1a598df280093af0c5d7-refs/branch-heads/4183@{#1689}),platform=Windows NT 10.0.18362 x86_64) (WARNING: The server did not provide any stacktrace information)
Command duration or timeout: 1.31 seconds
Build info: version: '2.53.1', revision: 'a36b8b1cd5757287168e54b817830adce9b0158d', time: '2016-06-30 19:26:09'
System info: host: 'MININT-UM25UFB', ip: '10.0.75.1', os.name: 'Windows 10', os.arch: 'amd64', os.version: '10.0', java.version: '1.8.0_261'
Driver info: org.openqa.selenium.chrome.ChromeDriver
Capabilities [{mobileEmulationEnabled=false, timeouts={implicit=0, pageLoad=300000, script=30000}, hasTouchScreen=false, platform=XP, acceptSslCerts=false, goog:chromeOptions={debuggerAddress=localhost:58949}, acceptInsecureCerts=false, webStorageEnabled=true, browserName=chrome, takesScreenshot=true, javascriptEnabled=true, setWindowRect=true, unexpectedAlertBehaviour=ignore, applicationCacheEnabled=false, rotatable=false, networkConnectionEnabled=false, chrome={chromedriverVersion=85.0.4183.87 (cd6713ebf92fa1cacc0f1a598df280093af0c5d7-refs/branch-heads/4183@{#1689}), userDataDir=C:\Users\Rajesh\AppData\Local\Temp\scoped_dir2512_2037279939}, takesHeapSnapshot=true, pageLoadStrategy=normal, strictFileInteractability=false, databaseEnabled=false, handlesAlerts=true, version=85.0.4183.121, browserConnectionEnabled=false, proxy={}, nativeEvents=true, locationContextEnabled=true, cssSelectorsEnabled=true, webauthn:virtualAuthenticators=true}]
Session ID: e5f4eb0834cf9e16d769dca67b5026c8
at sun.reflect.NativeConstructorAccessorImpl.newInstance0(Native Method)
at sun.reflect.NativeConstructorAccessorImpl.newInstance(NativeConstructorAccessorImpl.java:62)
at sun.reflect.DelegatingConstructorAccessorImpl.newInstance(DelegatingConstructorAccessorImpl.java:45)
at java.lang.reflect.Constructor.newInstance(Constructor.java:423)
at org.openqa.selenium.remote.ErrorHandler.createThrowable(ErrorHandler.java:206)
at org.openqa.selenium.remote.ErrorHandler.throwIfResponseFailed(ErrorHandler.java:158)
at org.openqa.selenium.remote.RemoteWebDriver.execute(RemoteWebDriver.java:678)
at org.openqa.selenium.remote.RemoteWebElement.execute(RemoteWebElement.java:327)
at org.openqa.selenium.remote.RemoteWebElement.click(RemoteWebElement.java:85)
at sun.reflect.GeneratedMethodAccessor1.invoke(Unknown Source)
at sun.reflect.DelegatingMethodAccessorImpl.invoke(DelegatingMethodAccessorImpl.java:43)
at java.lang.reflect.Method.invoke(Method.java:498)
at org.openqa.selenium.support.pagefactory.internal.LocatingElementHandler.invoke(LocatingElementHandler.java:51)
at com.sun.proxy.$Proxy10.click(Unknown Source)
at com.dollardays.pages.Team8WishlistPage.CityStateZipTextfield(Team8WishlistPage.java:248)
at com.dollardays.testcases.WishlistPageB4loginTestcase.VerifyCityStateandorzipcodefieldfunctionalityInvaliddata(WishlistPageB4loginTestcase.java:32)
at sun.reflect.NativeMethodAccessorImpl.invoke0(Native Method)
at sun.reflect.NativeMethodAccessorImpl.invoke(NativeMethodAccessorImpl.java:62)
at sun.reflect.DelegatingMethodAccessorImpl.invoke(DelegatingMethodAccessorImpl.java:43)
at java.lang.reflect.Method.invoke(Method.java:498)
at org.testng.internal.MethodInvocationHelper.invokeMethod(MethodInvocationHelper.java:132)
at org.testng.internal.TestInvoker.invokeMethod(TestInvoker.java:599)
at org.testng.internal.TestInvoker.invokeTestMethod(TestInvoker.java:174)
at org.testng.internal.MethodRunner.runInSequence(MethodRunner.java:46)
at org.testng.internal.TestInvoker$MethodInvocationAgent.invoke(TestInvoker.java:822)
at org.testng.internal.TestInvoker.invokeTestMethods(TestInvoker.java:147)
at org.testng.internal.TestMethodWorker.invokeTestMethods(TestMethodWorker.java:146)
at org.testng.internal.TestMethodWorker.run(TestMethodWorker.java:128)
at java.util.ArrayList.forEach(ArrayList.java:1259)
at org.testng.TestRunner.privateRun(TestRunner.java:764)
at org.testng.TestRunner.run(TestRunner.java:585)
at org.testng.SuiteRunner.runTest(SuiteRunner.java:384)
at org.testng.SuiteRunner.runSequentially(SuiteRunner.java:378)
at org.testng.SuiteRunner.privateRun(SuiteRunner.java:337)
at org.testng.SuiteRunner.run(SuiteRunner.java:286)
at org.testng.SuiteRunnerWorker.runSuite(SuiteRunnerWorker.java:53)
at org.testng.SuiteRunnerWorker.run(SuiteRunnerWorker.java:96)
at org.testng.TestNG.runSuitesSequentially(TestNG.java:1218)
at org.testng.TestNG.runSuitesLocally(TestNG.java:1140)
at org.testng.TestNG.runSuites(TestNG.java:1069)
at org.testng.TestNG.run(TestNG.java:1037)
at org.testng.remote.AbstractRemoteTestNG.run(AbstractRemoteTestNG.java:115)
at org.testng.remote.RemoteTestNG.initAndRun(RemoteTestNG.java:251)
at org.testng.remote.RemoteTestNG.main(RemoteTestNG.java:77)
]]>
            </full-stacktrace>
          </exception> <!-- org.openqa.selenium.WebDriverException -->
          <reporter-output>
          </reporter-output>
        </test-method> <!-- VerifyCityStateandorzipcodefieldfunctionalityInvaliddata -->
        <test-method status="PASS" signature="quit()[pri:0, instance:com.dollardays.testcases.WishlistPageB4loginTestcase@351d0846]" name="quit" is-config="true" duration-ms="5083" started-at="2020-10-07T21:41:33 EDT" finished-at="2020-10-07T21:41:38 EDT">
          <reporter-output>
          </reporter-output>
        </test-method> <!-- quit -->
        <test-method status="PASS" signature="setUpBrowser()[pri:0, instance:com.dollardays.testcases.WishlistPageB4loginTestcase@351d0846]" name="setUpBrowser" is-config="true" duration-ms="14450" started-at="2020-10-07T21:41:38 EDT" finished-at="2020-10-07T21:41:53 EDT">
          <reporter-output>
          </reporter-output>
        </test-method> <!-- setUpBrowser -->
        <test-method status="FAIL" signature="VerifysearchbyorganizationtextfieldfunctionalityInvaliddata(java.util.Hashtable)[pri:8, instance:com.dollardays.testcases.WishlistPageB4loginTestcase@351d0846]" name="VerifysearchbyorganizationtextfieldfunctionalityInvaliddata" duration-ms="6464" started-at="2020-10-07T21:41:53 EDT" data-provider="dd-dataprovider" finished-at="2020-10-07T21:41:59 EDT">
          <params>
            <param index="0">
              <value>
                <![CDATA[{TestCase=Verify search by organization text field functionality with invalid data, Password=, Runmode=Yes, SheetName=Sheet4, Input=affv, UserName=, TCID=TC1}]]>
              </value>
            </param>
          </params>
          <exception class="org.openqa.selenium.WebDriverException">
            <message>
              <![CDATA[element click intercepted: Element is not clickable at point (1246, 644)
  (Session info: chrome=85.0.4183.121)
  (Driver info: chromedriver=85.0.4183.87 (cd6713ebf92fa1cacc0f1a598df280093af0c5d7-refs/branch-heads/4183@{#1689}),platform=Windows NT 10.0.18362 x86_64) (WARNING: The server did not provide any stacktrace information)
Command duration or timeout: 1.10 seconds
Build info: version: '2.53.1', revision: 'a36b8b1cd5757287168e54b817830adce9b0158d', time: '2016-06-30 19:26:09'
System info: host: 'MININT-UM25UFB', ip: '10.0.75.1', os.name: 'Windows 10', os.arch: 'amd64', os.version: '10.0', java.version: '1.8.0_261'
Driver info: org.openqa.selenium.chrome.ChromeDriver
Capabilities [{mobileEmulationEnabled=false, timeouts={implicit=0, pageLoad=300000, script=30000}, hasTouchScreen=false, platform=XP, acceptSslCerts=false, goog:chromeOptions={debuggerAddress=localhost:59020}, acceptInsecureCerts=false, webStorageEnabled=true, browserName=chrome, takesScreenshot=true, javascriptEnabled=true, setWindowRect=true, unexpectedAlertBehaviour=ignore, applicationCacheEnabled=false, rotatable=false, networkConnectionEnabled=false, chrome={chromedriverVersion=85.0.4183.87 (cd6713ebf92fa1cacc0f1a598df280093af0c5d7-refs/branch-heads/4183@{#1689}), userDataDir=C:\Users\Rajesh\AppData\Local\Temp\scoped_dir2628_543140637}, takesHeapSnapshot=true, pageLoadStrategy=normal, strictFileInteractability=false, databaseEnabled=false, handlesAlerts=true, version=85.0.4183.121, browserConnectionEnabled=false, proxy={}, nativeEvents=true, locationContextEnabled=true, cssSelectorsEnabled=true, webauthn:virtualAuthenticators=true}]
Session ID: 527e15a3cd7a2f84eb16ebd4d4c539cd]]>
            </message>
            <full-stacktrace>
              <![CDATA[org.openqa.selenium.WebDriverException: element click intercepted: Element is not clickable at point (1246, 644)
  (Session info: chrome=85.0.4183.121)
  (Driver info: chromedriver=85.0.4183.87 (cd6713ebf92fa1cacc0f1a598df280093af0c5d7-refs/branch-heads/4183@{#1689}),platform=Windows NT 10.0.18362 x86_64) (WARNING: The server did not provide any stacktrace information)
Command duration or timeout: 1.10 seconds
Build info: version: '2.53.1', revision: 'a36b8b1cd5757287168e54b817830adce9b0158d', time: '2016-06-30 19:26:09'
System info: host: 'MININT-UM25UFB', ip: '10.0.75.1', os.name: 'Windows 10', os.arch: 'amd64', os.version: '10.0', java.version: '1.8.0_261'
Driver info: org.openqa.selenium.chrome.ChromeDriver
Capabilities [{mobileEmulationEnabled=false, timeouts={implicit=0, pageLoad=300000, script=30000}, hasTouchScreen=false, platform=XP, acceptSslCerts=false, goog:chromeOptions={debuggerAddress=localhost:59020}, acceptInsecureCerts=false, webStorageEnabled=true, browserName=chrome, takesScreenshot=true, javascriptEnabled=true, setWindowRect=true, unexpectedAlertBehaviour=ignore, applicationCacheEnabled=false, rotatable=false, networkConnectionEnabled=false, chrome={chromedriverVersion=85.0.4183.87 (cd6713ebf92fa1cacc0f1a598df280093af0c5d7-refs/branch-heads/4183@{#1689}), userDataDir=C:\Users\Rajesh\AppData\Local\Temp\scoped_dir2628_543140637}, takesHeapSnapshot=true, pageLoadStrategy=normal, strictFileInteractability=false, databaseEnabled=false, handlesAlerts=true, version=85.0.4183.121, browserConnectionEnabled=false, proxy={}, nativeEvents=true, locationContextEnabled=true, cssSelectorsEnabled=true, webauthn:virtualAuthenticators=true}]
Session ID: 527e15a3cd7a2f84eb16ebd4d4c539cd
at sun.reflect.NativeConstructorAccessorImpl.newInstance0(Native Method)
at sun.reflect.NativeConstructorAccessorImpl.newInstance(NativeConstructorAccessorImpl.java:62)
at sun.reflect.DelegatingConstructorAccessorImpl.newInstance(DelegatingConstructorAccessorImpl.java:45)
at java.lang.reflect.Constructor.newInstance(Constructor.java:423)
at org.openqa.selenium.remote.ErrorHandler.createThrowable(ErrorHandler.java:206)
at org.openqa.selenium.remote.ErrorHandler.throwIfResponseFailed(ErrorHandler.java:158)
at org.openqa.selenium.remote.RemoteWebDriver.execute(RemoteWebDriver.java:678)
at org.openqa.selenium.remote.RemoteWebElement.execute(RemoteWebElement.java:327)
at org.openqa.selenium.remote.RemoteWebElement.click(RemoteWebElement.java:85)
at sun.reflect.GeneratedMethodAccessor1.invoke(Unknown Source)
at sun.reflect.DelegatingMethodAccessorImpl.invoke(DelegatingMethodAccessorImpl.java:43)
at java.lang.reflect.Method.invoke(Method.java:498)
at org.openqa.selenium.support.pagefactory.internal.LocatingElementHandler.invoke(LocatingElementHandler.java:51)
at com.sun.proxy.$Proxy10.click(Unknown Source)
at com.dollardays.pages.Team8WishlistPage.Searchbartest(Team8WishlistPage.java:231)
at com.dollardays.testcases.WishlistPageB4loginTestcase.VerifysearchbyorganizationtextfieldfunctionalityInvaliddata(WishlistPageB4loginTestcase.java:22)
at sun.reflect.NativeMethodAccessorImpl.invoke0(Native Method)
at sun.reflect.NativeMethodAccessorImpl.invoke(NativeMethodAccessorImpl.java:62)
at sun.reflect.DelegatingMethodAccessorImpl.invoke(DelegatingMethodAccessorImpl.java:43)
at java.lang.reflect.Method.invoke(Method.java:498)
at org.testng.internal.MethodInvocationHelper.invokeMethod(MethodInvocationHelper.java:132)
at org.testng.internal.TestInvoker.invokeMethod(TestInvoker.java:599)
at org.testng.internal.TestInvoker.invokeTestMethod(TestInvoker.java:174)
at org.testng.internal.MethodRunner.runInSequence(MethodRunner.java:46)
at org.testng.internal.TestInvoker$MethodInvocationAgent.invoke(TestInvoker.java:822)
at org.testng.internal.TestInvoker.invokeTestMethods(TestInvoker.java:147)
at org.testng.internal.TestMethodWorker.invokeTestMethods(TestMethodWorker.java:146)
at org.testng.internal.TestMethodWorker.run(TestMethodWorker.java:128)
at java.util.ArrayList.forEach(ArrayList.java:1259)
at org.testng.TestRunner.privateRun(TestRunner.java:764)
at org.testng.TestRunner.run(TestRunner.java:585)
at org.testng.SuiteRunner.runTest(SuiteRunner.java:384)
at org.testng.SuiteRunner.runSequentially(SuiteRunner.java:378)
at org.testng.SuiteRunner.privateRun(SuiteRunner.java:337)
at org.testng.SuiteRunner.run(SuiteRunner.java:286)
at org.testng.SuiteRunnerWorker.runSuite(SuiteRunnerWorker.java:53)
at org.testng.SuiteRunnerWorker.run(SuiteRunnerWorker.java:96)
at org.testng.TestNG.runSuitesSequentially(TestNG.java:1218)
at org.testng.TestNG.runSuitesLocally(TestNG.java:1140)
at org.testng.TestNG.runSuites(TestNG.java:1069)
at org.testng.TestNG.run(TestNG.java:1037)
at org.testng.remote.AbstractRemoteTestNG.run(AbstractRemoteTestNG.java:115)
at org.testng.remote.RemoteTestNG.initAndRun(RemoteTestNG.java:251)
at org.testng.remote.RemoteTestNG.main(RemoteTestNG.java:77)
]]>
            </full-stacktrace>
          </exception> <!-- org.openqa.selenium.WebDriverException -->
          <reporter-output>
          </reporter-output>
        </test-method> <!-- VerifysearchbyorganizationtextfieldfunctionalityInvaliddata -->
        <test-method status="PASS" signature="quit()[pri:0, instance:com.dollardays.testcases.WishlistPageB4loginTestcase@351d0846]" name="quit" is-config="true" duration-ms="5538" started-at="2020-10-07T21:41:59 EDT" finished-at="2020-10-07T21:42:05 EDT">
          <reporter-output>
          </reporter-output>
        </test-method> <!-- quit -->
        <test-method status="PASS" signature="setUpBrowser()[pri:0, instance:com.dollardays.testcases.WishlistPageB4loginTestcase@351d0846]" name="setUpBrowser" is-config="true" duration-ms="10674" started-at="2020-10-07T21:42:05 EDT" finished-at="2020-10-07T21:42:15 EDT">
          <reporter-output>
          </reporter-output>
        </test-method> <!-- setUpBrowser -->
        <test-method status="FAIL" signature="VerifysearchbyorganizationtextfieldfunctionalityInvaliddata(java.util.Hashtable)[pri:8, instance:com.dollardays.testcases.WishlistPageB4loginTestcase@351d0846]" name="VerifysearchbyorganizationtextfieldfunctionalityInvaliddata" duration-ms="7344" started-at="2020-10-07T21:42:15 EDT" data-provider="dd-dataprovider" finished-at="2020-10-07T21:42:23 EDT">
          <params>
            <param index="0">
              <value>
                <![CDATA[{TestCase=, Password=, Runmode=Yes, SheetName=Sheet4, Input=000000, UserName=, TCID=TC2}]]>
              </value>
            </param>
          </params>
          <exception class="org.openqa.selenium.WebDriverException">
            <message>
              <![CDATA[element click intercepted: Element is not clickable at point (1246, 644)
  (Session info: chrome=85.0.4183.121)
  (Driver info: chromedriver=85.0.4183.87 (cd6713ebf92fa1cacc0f1a598df280093af0c5d7-refs/branch-heads/4183@{#1689}),platform=Windows NT 10.0.18362 x86_64) (WARNING: The server did not provide any stacktrace information)
Command duration or timeout: 1.07 seconds
Build info: version: '2.53.1', revision: 'a36b8b1cd5757287168e54b817830adce9b0158d', time: '2016-06-30 19:26:09'
System info: host: 'MININT-UM25UFB', ip: '10.0.75.1', os.name: 'Windows 10', os.arch: 'amd64', os.version: '10.0', java.version: '1.8.0_261'
Driver info: org.openqa.selenium.chrome.ChromeDriver
Capabilities [{mobileEmulationEnabled=false, timeouts={implicit=0, pageLoad=300000, script=30000}, hasTouchScreen=false, platform=XP, acceptSslCerts=false, goog:chromeOptions={debuggerAddress=localhost:59104}, acceptInsecureCerts=false, webStorageEnabled=true, browserName=chrome, takesScreenshot=true, javascriptEnabled=true, setWindowRect=true, unexpectedAlertBehaviour=ignore, applicationCacheEnabled=false, rotatable=false, networkConnectionEnabled=false, chrome={chromedriverVersion=85.0.4183.87 (cd6713ebf92fa1cacc0f1a598df280093af0c5d7-refs/branch-heads/4183@{#1689}), userDataDir=C:\Users\Rajesh\AppData\Local\Temp\scoped_dir3024_819190825}, takesHeapSnapshot=true, pageLoadStrategy=normal, strictFileInteractability=false, databaseEnabled=false, handlesAlerts=true, version=85.0.4183.121, browserConnectionEnabled=false, proxy={}, nativeEvents=true, locationContextEnabled=true, cssSelectorsEnabled=true, webauthn:virtualAuthenticators=true}]
Session ID: 8b6997d1369d4524ee69b9547a369796]]>
            </message>
            <full-stacktrace>
              <![CDATA[org.openqa.selenium.WebDriverException: element click intercepted: Element is not clickable at point (1246, 644)
  (Session info: chrome=85.0.4183.121)
  (Driver info: chromedriver=85.0.4183.87 (cd6713ebf92fa1cacc0f1a598df280093af0c5d7-refs/branch-heads/4183@{#1689}),platform=Windows NT 10.0.18362 x86_64) (WARNING: The server did not provide any stacktrace information)
Command duration or timeout: 1.07 seconds
Build info: version: '2.53.1', revision: 'a36b8b1cd5757287168e54b817830adce9b0158d', time: '2016-06-30 19:26:09'
System info: host: 'MININT-UM25UFB', ip: '10.0.75.1', os.name: 'Windows 10', os.arch: 'amd64', os.version: '10.0', java.version: '1.8.0_261'
Driver info: org.openqa.selenium.chrome.ChromeDriver
Capabilities [{mobileEmulationEnabled=false, timeouts={implicit=0, pageLoad=300000, script=30000}, hasTouchScreen=false, platform=XP, acceptSslCerts=false, goog:chromeOptions={debuggerAddress=localhost:59104}, acceptInsecureCerts=false, webStorageEnabled=true, browserName=chrome, takesScreenshot=true, javascriptEnabled=true, setWindowRect=true, unexpectedAlertBehaviour=ignore, applicationCacheEnabled=false, rotatable=false, networkConnectionEnabled=false, chrome={chromedriverVersion=85.0.4183.87 (cd6713ebf92fa1cacc0f1a598df280093af0c5d7-refs/branch-heads/4183@{#1689}), userDataDir=C:\Users\Rajesh\AppData\Local\Temp\scoped_dir3024_819190825}, takesHeapSnapshot=true, pageLoadStrategy=normal, strictFileInteractability=false, databaseEnabled=false, handlesAlerts=true, version=85.0.4183.121, browserConnectionEnabled=false, proxy={}, nativeEvents=true, locationContextEnabled=true, cssSelectorsEnabled=true, webauthn:virtualAuthenticators=true}]
Session ID: 8b6997d1369d4524ee69b9547a369796
at sun.reflect.NativeConstructorAccessorImpl.newInstance0(Native Method)
at sun.reflect.NativeConstructorAccessorImpl.newInstance(NativeConstructorAccessorImpl.java:62)
at sun.reflect.DelegatingConstructorAccessorImpl.newInstance(DelegatingConstructorAccessorImpl.java:45)
at java.lang.reflect.Constructor.newInstance(Constructor.java:423)
at org.openqa.selenium.remote.ErrorHandler.createThrowable(ErrorHandler.java:206)
at org.openqa.selenium.remote.ErrorHandler.throwIfResponseFailed(ErrorHandler.java:158)
at org.openqa.selenium.remote.RemoteWebDriver.execute(RemoteWebDriver.java:678)
at org.openqa.selenium.remote.RemoteWebElement.execute(RemoteWebElement.java:327)
at org.openqa.selenium.remote.RemoteWebElement.click(RemoteWebElement.java:85)
at sun.reflect.GeneratedMethodAccessor1.invoke(Unknown Source)
at sun.reflect.DelegatingMethodAccessorImpl.invoke(DelegatingMethodAccessorImpl.java:43)
at java.lang.reflect.Method.invoke(Method.java:498)
at org.openqa.selenium.support.pagefactory.internal.LocatingElementHandler.invoke(LocatingElementHandler.java:51)
at com.sun.proxy.$Proxy10.click(Unknown Source)
at com.dollardays.pages.Team8WishlistPage.Searchbartest(Team8WishlistPage.java:231)
at com.dollardays.testcases.WishlistPageB4loginTestcase.VerifysearchbyorganizationtextfieldfunctionalityInvaliddata(WishlistPageB4loginTestcase.java:22)
at sun.reflect.NativeMethodAccessorImpl.invoke0(Native Method)
at sun.reflect.NativeMethodAccessorImpl.invoke(NativeMethodAccessorImpl.java:62)
at sun.reflect.DelegatingMethodAccessorImpl.invoke(DelegatingMethodAccessorImpl.java:43)
at java.lang.reflect.Method.invoke(Method.java:498)
at org.testng.internal.MethodInvocationHelper.invokeMethod(MethodInvocationHelper.java:132)
at org.testng.internal.TestInvoker.invokeMethod(TestInvoker.java:599)
at org.testng.internal.TestInvoker.invokeTestMethod(TestInvoker.java:174)
at org.testng.internal.MethodRunner.runInSequence(MethodRunner.java:46)
at org.testng.internal.TestInvoker$MethodInvocationAgent.invoke(TestInvoker.java:822)
at org.testng.internal.TestInvoker.invokeTestMethods(TestInvoker.java:147)
at org.testng.internal.TestMethodWorker.invokeTestMethods(TestMethodWorker.java:146)
at org.testng.internal.TestMethodWorker.run(TestMethodWorker.java:128)
at java.util.ArrayList.forEach(ArrayList.java:1259)
at org.testng.TestRunner.privateRun(TestRunner.java:764)
at org.testng.TestRunner.run(TestRunner.java:585)
at org.testng.SuiteRunner.runTest(SuiteRunner.java:384)
at org.testng.SuiteRunner.runSequentially(SuiteRunner.java:378)
at org.testng.SuiteRunner.privateRun(SuiteRunner.java:337)
at org.testng.SuiteRunner.run(SuiteRunner.java:286)
at org.testng.SuiteRunnerWorker.runSuite(SuiteRunnerWorker.java:53)
at org.testng.SuiteRunnerWorker.run(SuiteRunnerWorker.java:96)
at org.testng.TestNG.runSuitesSequentially(TestNG.java:1218)
at org.testng.TestNG.runSuitesLocally(TestNG.java:1140)
at org.testng.TestNG.runSuites(TestNG.java:1069)
at org.testng.TestNG.run(TestNG.java:1037)
at org.testng.remote.AbstractRemoteTestNG.run(AbstractRemoteTestNG.java:115)
at org.testng.remote.RemoteTestNG.initAndRun(RemoteTestNG.java:251)
at org.testng.remote.RemoteTestNG.main(RemoteTestNG.java:77)
]]>
            </full-stacktrace>
          </exception> <!-- org.openqa.selenium.WebDriverException -->
          <reporter-output>
          </reporter-output>
        </test-method> <!-- VerifysearchbyorganizationtextfieldfunctionalityInvaliddata -->
        <test-method status="PASS" signature="quit()[pri:0, instance:com.dollardays.testcases.WishlistPageB4loginTestcase@351d0846]" name="quit" is-config="true" duration-ms="5086" started-at="2020-10-07T21:42:23 EDT" finished-at="2020-10-07T21:42:28 EDT">
          <reporter-output>
          </reporter-output>
        </test-method> <!-- quit -->
        <test-method status="PASS" signature="setUpBrowser()[pri:0, instance:com.dollardays.testcases.WishlistPageB4loginTestcase@351d0846]" name="setUpBrowser" is-config="true" duration-ms="10390" started-at="2020-10-07T21:42:28 EDT" finished-at="2020-10-07T21:42:38 EDT">
          <reporter-output>
          </reporter-output>
        </test-method> <!-- setUpBrowser -->
        <test-method status="FAIL" signature="VerifysearchbyorganizationtextfieldfunctionalityInvaliddata(java.util.Hashtable)[pri:8, instance:com.dollardays.testcases.WishlistPageB4loginTestcase@351d0846]" name="VerifysearchbyorganizationtextfieldfunctionalityInvaliddata" duration-ms="5979" started-at="2020-10-07T21:42:38 EDT" data-provider="dd-dataprovider" finished-at="2020-10-07T21:42:44 EDT">
          <params>
            <param index="0">
              <value>
                <![CDATA[{TestCase=, Password=, Runmode=Yes, SheetName=Sheet4, Input=222222.0, UserName=, TCID=TC3}]]>
              </value>
            </param>
          </params>
          <exception class="org.openqa.selenium.WebDriverException">
            <message>
              <![CDATA[element click intercepted: Element is not clickable at point (1246, 644)
  (Session info: chrome=85.0.4183.121)
  (Driver info: chromedriver=85.0.4183.87 (cd6713ebf92fa1cacc0f1a598df280093af0c5d7-refs/branch-heads/4183@{#1689}),platform=Windows NT 10.0.18362 x86_64) (WARNING: The server did not provide any stacktrace information)
Command duration or timeout: 1.08 seconds
Build info: version: '2.53.1', revision: 'a36b8b1cd5757287168e54b817830adce9b0158d', time: '2016-06-30 19:26:09'
System info: host: 'MININT-UM25UFB', ip: '10.0.75.1', os.name: 'Windows 10', os.arch: 'amd64', os.version: '10.0', java.version: '1.8.0_261'
Driver info: org.openqa.selenium.chrome.ChromeDriver
Capabilities [{mobileEmulationEnabled=false, timeouts={implicit=0, pageLoad=300000, script=30000}, hasTouchScreen=false, platform=XP, acceptSslCerts=false, goog:chromeOptions={debuggerAddress=localhost:59188}, acceptInsecureCerts=false, webStorageEnabled=true, browserName=chrome, takesScreenshot=true, javascriptEnabled=true, setWindowRect=true, unexpectedAlertBehaviour=ignore, applicationCacheEnabled=false, rotatable=false, networkConnectionEnabled=false, chrome={chromedriverVersion=85.0.4183.87 (cd6713ebf92fa1cacc0f1a598df280093af0c5d7-refs/branch-heads/4183@{#1689}), userDataDir=C:\Users\Rajesh\AppData\Local\Temp\scoped_dir24436_711207562}, takesHeapSnapshot=true, pageLoadStrategy=normal, strictFileInteractability=false, databaseEnabled=false, handlesAlerts=true, version=85.0.4183.121, browserConnectionEnabled=false, proxy={}, nativeEvents=true, locationContextEnabled=true, cssSelectorsEnabled=true, webauthn:virtualAuthenticators=true}]
Session ID: eb392da0eedf56ab7eab2e06cb818a73]]>
            </message>
            <full-stacktrace>
              <![CDATA[org.openqa.selenium.WebDriverException: element click intercepted: Element is not clickable at point (1246, 644)
  (Session info: chrome=85.0.4183.121)
  (Driver info: chromedriver=85.0.4183.87 (cd6713ebf92fa1cacc0f1a598df280093af0c5d7-refs/branch-heads/4183@{#1689}),platform=Windows NT 10.0.18362 x86_64) (WARNING: The server did not provide any stacktrace information)
Command duration or timeout: 1.08 seconds
Build info: version: '2.53.1', revision: 'a36b8b1cd5757287168e54b817830adce9b0158d', time: '2016-06-30 19:26:09'
System info: host: 'MININT-UM25UFB', ip: '10.0.75.1', os.name: 'Windows 10', os.arch: 'amd64', os.version: '10.0', java.version: '1.8.0_261'
Driver info: org.openqa.selenium.chrome.ChromeDriver
Capabilities [{mobileEmulationEnabled=false, timeouts={implicit=0, pageLoad=300000, script=30000}, hasTouchScreen=false, platform=XP, acceptSslCerts=false, goog:chromeOptions={debuggerAddress=localhost:59188}, acceptInsecureCerts=false, webStorageEnabled=true, browserName=chrome, takesScreenshot=true, javascriptEnabled=true, setWindowRect=true, unexpectedAlertBehaviour=ignore, applicationCacheEnabled=false, rotatable=false, networkConnectionEnabled=false, chrome={chromedriverVersion=85.0.4183.87 (cd6713ebf92fa1cacc0f1a598df280093af0c5d7-refs/branch-heads/4183@{#1689}), userDataDir=C:\Users\Rajesh\AppData\Local\Temp\scoped_dir24436_711207562}, takesHeapSnapshot=true, pageLoadStrategy=normal, strictFileInteractability=false, databaseEnabled=false, handlesAlerts=true, version=85.0.4183.121, browserConnectionEnabled=false, proxy={}, nativeEvents=true, locationContextEnabled=true, cssSelectorsEnabled=true, webauthn:virtualAuthenticators=true}]
Session ID: eb392da0eedf56ab7eab2e06cb818a73
at sun.reflect.NativeConstructorAccessorImpl.newInstance0(Native Method)
at sun.reflect.NativeConstructorAccessorImpl.newInstance(NativeConstructorAccessorImpl.java:62)
at sun.reflect.DelegatingConstructorAccessorImpl.newInstance(DelegatingConstructorAccessorImpl.java:45)
at java.lang.reflect.Constructor.newInstance(Constructor.java:423)
at org.openqa.selenium.remote.ErrorHandler.createThrowable(ErrorHandler.java:206)
at org.openqa.selenium.remote.ErrorHandler.throwIfResponseFailed(ErrorHandler.java:158)
at org.openqa.selenium.remote.RemoteWebDriver.execute(RemoteWebDriver.java:678)
at org.openqa.selenium.remote.RemoteWebElement.execute(RemoteWebElement.java:327)
at org.openqa.selenium.remote.RemoteWebElement.click(RemoteWebElement.java:85)
at sun.reflect.GeneratedMethodAccessor1.invoke(Unknown Source)
at sun.reflect.DelegatingMethodAccessorImpl.invoke(DelegatingMethodAccessorImpl.java:43)
at java.lang.reflect.Method.invoke(Method.java:498)
at org.openqa.selenium.support.pagefactory.internal.LocatingElementHandler.invoke(LocatingElementHandler.java:51)
at com.sun.proxy.$Proxy10.click(Unknown Source)
at com.dollardays.pages.Team8WishlistPage.Searchbartest(Team8WishlistPage.java:231)
at com.dollardays.testcases.WishlistPageB4loginTestcase.VerifysearchbyorganizationtextfieldfunctionalityInvaliddata(WishlistPageB4loginTestcase.java:22)
at sun.reflect.NativeMethodAccessorImpl.invoke0(Native Method)
at sun.reflect.NativeMethodAccessorImpl.invoke(NativeMethodAccessorImpl.java:62)
at sun.reflect.DelegatingMethodAccessorImpl.invoke(DelegatingMethodAccessorImpl.java:43)
at java.lang.reflect.Method.invoke(Method.java:498)
at org.testng.internal.MethodInvocationHelper.invokeMethod(MethodInvocationHelper.java:132)
at org.testng.internal.TestInvoker.invokeMethod(TestInvoker.java:599)
at org.testng.internal.TestInvoker.invokeTestMethod(TestInvoker.java:174)
at org.testng.internal.MethodRunner.runInSequence(MethodRunner.java:46)
at org.testng.internal.TestInvoker$MethodInvocationAgent.invoke(TestInvoker.java:822)
at org.testng.internal.TestInvoker.invokeTestMethods(TestInvoker.java:147)
at org.testng.internal.TestMethodWorker.invokeTestMethods(TestMethodWorker.java:146)
at org.testng.internal.TestMethodWorker.run(TestMethodWorker.java:128)
at java.util.ArrayList.forEach(ArrayList.java:1259)
at org.testng.TestRunner.privateRun(TestRunner.java:764)
at org.testng.TestRunner.run(TestRunner.java:585)
at org.testng.SuiteRunner.runTest(SuiteRunner.java:384)
at org.testng.SuiteRunner.runSequentially(SuiteRunner.java:378)
at org.testng.SuiteRunner.privateRun(SuiteRunner.java:337)
at org.testng.SuiteRunner.run(SuiteRunner.java:286)
at org.testng.SuiteRunnerWorker.runSuite(SuiteRunnerWorker.java:53)
at org.testng.SuiteRunnerWorker.run(SuiteRunnerWorker.java:96)
at org.testng.TestNG.runSuitesSequentially(TestNG.java:1218)
at org.testng.TestNG.runSuitesLocally(TestNG.java:1140)
at org.testng.TestNG.runSuites(TestNG.java:1069)
at org.testng.TestNG.run(TestNG.java:1037)
at org.testng.remote.AbstractRemoteTestNG.run(AbstractRemoteTestNG.java:115)
at org.testng.remote.RemoteTestNG.initAndRun(RemoteTestNG.java:251)
at org.testng.remote.RemoteTestNG.main(RemoteTestNG.java:77)
]]>
            </full-stacktrace>
          </exception> <!-- org.openqa.selenium.WebDriverException -->
          <reporter-output>
          </reporter-output>
        </test-method> <!-- VerifysearchbyorganizationtextfieldfunctionalityInvaliddata -->
        <test-method status="PASS" signature="quit()[pri:0, instance:com.dollardays.testcases.WishlistPageB4loginTestcase@351d0846]" name="quit" is-config="true" duration-ms="5157" started-at="2020-10-07T21:42:44 EDT" finished-at="2020-10-07T21:42:49 EDT">
          <reporter-output>
          </reporter-output>
        </test-method> <!-- quit -->
        <test-method status="PASS" signature="setUpBrowser()[pri:0, instance:com.dollardays.testcases.WishlistPageB4loginTestcase@351d0846]" name="setUpBrowser" is-config="true" duration-ms="9878" started-at="2020-10-07T21:42:49 EDT" finished-at="2020-10-07T21:42:59 EDT">
          <reporter-output>
          </reporter-output>
        </test-method> <!-- setUpBrowser -->
        <test-method status="FAIL" signature="VerifysearchbyorganizationtextfieldfunctionalityInvaliddata(java.util.Hashtable)[pri:8, instance:com.dollardays.testcases.WishlistPageB4loginTestcase@351d0846]" name="VerifysearchbyorganizationtextfieldfunctionalityInvaliddata" duration-ms="8159" started-at="2020-10-07T21:42:59 EDT" data-provider="dd-dataprovider" finished-at="2020-10-07T21:43:07 EDT">
          <params>
            <param index="0">
              <value>
                <![CDATA[{TestCase=, Password=, Runmode=Yes, SheetName=Sheet4, Input=Newze, UserName=, TCID=TC4}]]>
              </value>
            </param>
          </params>
          <exception class="org.openqa.selenium.WebDriverException">
            <message>
              <![CDATA[element click intercepted: Element <button type="button" class="btn btnsearch">...</button> is not clickable at point (1119, 434). Other element would receive the click: <div class="privacy-policyis-sticky is-stickys">...</div>
  (Session info: chrome=85.0.4183.121)
  (Driver info: chromedriver=85.0.4183.87 (cd6713ebf92fa1cacc0f1a598df280093af0c5d7-refs/branch-heads/4183@{#1689}),platform=Windows NT 10.0.18362 x86_64) (WARNING: The server did not provide any stacktrace information)
Command duration or timeout: 1.07 seconds
Build info: version: '2.53.1', revision: 'a36b8b1cd5757287168e54b817830adce9b0158d', time: '2016-06-30 19:26:09'
System info: host: 'MININT-UM25UFB', ip: '10.0.75.1', os.name: 'Windows 10', os.arch: 'amd64', os.version: '10.0', java.version: '1.8.0_261'
Driver info: org.openqa.selenium.chrome.ChromeDriver
Capabilities [{mobileEmulationEnabled=false, timeouts={implicit=0, pageLoad=300000, script=30000}, hasTouchScreen=false, platform=XP, acceptSslCerts=false, goog:chromeOptions={debuggerAddress=localhost:59268}, acceptInsecureCerts=false, webStorageEnabled=true, browserName=chrome, takesScreenshot=true, javascriptEnabled=true, setWindowRect=true, unexpectedAlertBehaviour=ignore, applicationCacheEnabled=false, rotatable=false, networkConnectionEnabled=false, chrome={chromedriverVersion=85.0.4183.87 (cd6713ebf92fa1cacc0f1a598df280093af0c5d7-refs/branch-heads/4183@{#1689}), userDataDir=C:\Users\Rajesh\AppData\Local\Temp\scoped_dir20412_712998582}, takesHeapSnapshot=true, pageLoadStrategy=normal, strictFileInteractability=false, databaseEnabled=false, handlesAlerts=true, version=85.0.4183.121, browserConnectionEnabled=false, proxy={}, nativeEvents=true, locationContextEnabled=true, cssSelectorsEnabled=true, webauthn:virtualAuthenticators=true}]
Session ID: 34202b342fe96c9c29549798e16df827]]>
            </message>
            <full-stacktrace>
              <![CDATA[org.openqa.selenium.WebDriverException: element click intercepted: Element <button type="button" class="btn btnsearch">...</button> is not clickable at point (1119, 434). Other element would receive the click: <div class="privacy-policyis-sticky is-stickys">...</div>
  (Session info: chrome=85.0.4183.121)
  (Driver info: chromedriver=85.0.4183.87 (cd6713ebf92fa1cacc0f1a598df280093af0c5d7-refs/branch-heads/4183@{#1689}),platform=Windows NT 10.0.18362 x86_64) (WARNING: The server did not provide any stacktrace information)
Command duration or timeout: 1.07 seconds
Build info: version: '2.53.1', revision: 'a36b8b1cd5757287168e54b817830adce9b0158d', time: '2016-06-30 19:26:09'
System info: host: 'MININT-UM25UFB', ip: '10.0.75.1', os.name: 'Windows 10', os.arch: 'amd64', os.version: '10.0', java.version: '1.8.0_261'
Driver info: org.openqa.selenium.chrome.ChromeDriver
Capabilities [{mobileEmulationEnabled=false, timeouts={implicit=0, pageLoad=300000, script=30000}, hasTouchScreen=false, platform=XP, acceptSslCerts=false, goog:chromeOptions={debuggerAddress=localhost:59268}, acceptInsecureCerts=false, webStorageEnabled=true, browserName=chrome, takesScreenshot=true, javascriptEnabled=true, setWindowRect=true, unexpectedAlertBehaviour=ignore, applicationCacheEnabled=false, rotatable=false, networkConnectionEnabled=false, chrome={chromedriverVersion=85.0.4183.87 (cd6713ebf92fa1cacc0f1a598df280093af0c5d7-refs/branch-heads/4183@{#1689}), userDataDir=C:\Users\Rajesh\AppData\Local\Temp\scoped_dir20412_712998582}, takesHeapSnapshot=true, pageLoadStrategy=normal, strictFileInteractability=false, databaseEnabled=false, handlesAlerts=true, version=85.0.4183.121, browserConnectionEnabled=false, proxy={}, nativeEvents=true, locationContextEnabled=true, cssSelectorsEnabled=true, webauthn:virtualAuthenticators=true}]
Session ID: 34202b342fe96c9c29549798e16df827
at sun.reflect.NativeConstructorAccessorImpl.newInstance0(Native Method)
at sun.reflect.NativeConstructorAccessorImpl.newInstance(NativeConstructorAccessorImpl.java:62)
at sun.reflect.DelegatingConstructorAccessorImpl.newInstance(DelegatingConstructorAccessorImpl.java:45)
at java.lang.reflect.Constructor.newInstance(Constructor.java:423)
at org.openqa.selenium.remote.ErrorHandler.createThrowable(ErrorHandler.java:206)
at org.openqa.selenium.remote.ErrorHandler.throwIfResponseFailed(ErrorHandler.java:158)
at org.openqa.selenium.remote.RemoteWebDriver.execute(RemoteWebDriver.java:678)
at org.openqa.selenium.remote.RemoteWebElement.execute(RemoteWebElement.java:327)
at org.openqa.selenium.remote.RemoteWebElement.click(RemoteWebElement.java:85)
at sun.reflect.GeneratedMethodAccessor1.invoke(Unknown Source)
at sun.reflect.DelegatingMethodAccessorImpl.invoke(DelegatingMethodAccessorImpl.java:43)
at java.lang.reflect.Method.invoke(Method.java:498)
at org.openqa.selenium.support.pagefactory.internal.LocatingElementHandler.invoke(LocatingElementHandler.java:51)
at com.sun.proxy.$Proxy10.click(Unknown Source)
at com.dollardays.pages.Team8WishlistPage.Searchbartest(Team8WishlistPage.java:235)
at com.dollardays.testcases.WishlistPageB4loginTestcase.VerifysearchbyorganizationtextfieldfunctionalityInvaliddata(WishlistPageB4loginTestcase.java:22)
at sun.reflect.NativeMethodAccessorImpl.invoke0(Native Method)
at sun.reflect.NativeMethodAccessorImpl.invoke(NativeMethodAccessorImpl.java:62)
at sun.reflect.DelegatingMethodAccessorImpl.invoke(DelegatingMethodAccessorImpl.java:43)
at java.lang.reflect.Method.invoke(Method.java:498)
at org.testng.internal.MethodInvocationHelper.invokeMethod(MethodInvocationHelper.java:132)
at org.testng.internal.TestInvoker.invokeMethod(TestInvoker.java:599)
at org.testng.internal.TestInvoker.invokeTestMethod(TestInvoker.java:174)
at org.testng.internal.MethodRunner.runInSequence(MethodRunner.java:46)
at org.testng.internal.TestInvoker$MethodInvocationAgent.invoke(TestInvoker.java:822)
at org.testng.internal.TestInvoker.invokeTestMethods(TestInvoker.java:147)
at org.testng.internal.TestMethodWorker.invokeTestMethods(TestMethodWorker.java:146)
at org.testng.internal.TestMethodWorker.run(TestMethodWorker.java:128)
at java.util.ArrayList.forEach(ArrayList.java:1259)
at org.testng.TestRunner.privateRun(TestRunner.java:764)
at org.testng.TestRunner.run(TestRunner.java:585)
at org.testng.SuiteRunner.runTest(SuiteRunner.java:384)
at org.testng.SuiteRunner.runSequentially(SuiteRunner.java:378)
at org.testng.SuiteRunner.privateRun(SuiteRunner.java:337)
at org.testng.SuiteRunner.run(SuiteRunner.java:286)
at org.testng.SuiteRunnerWorker.runSuite(SuiteRunnerWorker.java:53)
at org.testng.SuiteRunnerWorker.run(SuiteRunnerWorker.java:96)
at org.testng.TestNG.runSuitesSequentially(TestNG.java:1218)
at org.testng.TestNG.runSuitesLocally(TestNG.java:1140)
at org.testng.TestNG.runSuites(TestNG.java:1069)
at org.testng.TestNG.run(TestNG.java:1037)
at org.testng.remote.AbstractRemoteTestNG.run(AbstractRemoteTestNG.java:115)
at org.testng.remote.RemoteTestNG.initAndRun(RemoteTestNG.java:251)
at org.testng.remote.RemoteTestNG.main(RemoteTestNG.java:77)
]]>
            </full-stacktrace>
          </exception> <!-- org.openqa.selenium.WebDriverException -->
          <reporter-output>
          </reporter-output>
        </test-method> <!-- VerifysearchbyorganizationtextfieldfunctionalityInvaliddata -->
        <test-method status="PASS" signature="quit()[pri:0, instance:com.dollardays.testcases.WishlistPageB4loginTestcase@351d0846]" name="quit" is-config="true" duration-ms="5098" started-at="2020-10-07T21:43:07 EDT" finished-at="2020-10-07T21:43:12 EDT">
          <reporter-output>
          </reporter-output>
        </test-method> <!-- quit -->
        <test-method status="PASS" signature="setUpBrowser()[pri:0, instance:com.dollardays.testcases.WishlistPageB4loginTestcase@351d0846]" name="setUpBrowser" is-config="true" duration-ms="9736" started-at="2020-10-07T21:43:12 EDT" finished-at="2020-10-07T21:43:22 EDT">
          <reporter-output>
          </reporter-output>
        </test-method> <!-- setUpBrowser -->
        <test-method status="FAIL" signature="VerifysearchbyorganizationtextfieldfunctionalityInvaliddata(java.util.Hashtable)[pri:8, instance:com.dollardays.testcases.WishlistPageB4loginTestcase@351d0846]" name="VerifysearchbyorganizationtextfieldfunctionalityInvaliddata" duration-ms="6650" started-at="2020-10-07T21:43:22 EDT" data-provider="dd-dataprovider" finished-at="2020-10-07T21:43:29 EDT">
          <params>
            <param index="0">
              <value>
                <![CDATA[{TestCase=, Password=, Runmode=Yes, SheetName=Sheet4, Input=Tamilnadu, UserName=, TCID=TC5}]]>
              </value>
            </param>
          </params>
          <exception class="org.openqa.selenium.WebDriverException">
            <message>
              <![CDATA[element click intercepted: Element is not clickable at point (1246, 644)
  (Session info: chrome=85.0.4183.121)
  (Driver info: chromedriver=85.0.4183.87 (cd6713ebf92fa1cacc0f1a598df280093af0c5d7-refs/branch-heads/4183@{#1689}),platform=Windows NT 10.0.18362 x86_64) (WARNING: The server did not provide any stacktrace information)
Command duration or timeout: 1.08 seconds
Build info: version: '2.53.1', revision: 'a36b8b1cd5757287168e54b817830adce9b0158d', time: '2016-06-30 19:26:09'
System info: host: 'MININT-UM25UFB', ip: '10.0.75.1', os.name: 'Windows 10', os.arch: 'amd64', os.version: '10.0', java.version: '1.8.0_261'
Driver info: org.openqa.selenium.chrome.ChromeDriver
Capabilities [{mobileEmulationEnabled=false, timeouts={implicit=0, pageLoad=300000, script=30000}, hasTouchScreen=false, platform=XP, acceptSslCerts=false, goog:chromeOptions={debuggerAddress=localhost:59349}, acceptInsecureCerts=false, webStorageEnabled=true, browserName=chrome, takesScreenshot=true, javascriptEnabled=true, setWindowRect=true, unexpectedAlertBehaviour=ignore, applicationCacheEnabled=false, rotatable=false, networkConnectionEnabled=false, chrome={chromedriverVersion=85.0.4183.87 (cd6713ebf92fa1cacc0f1a598df280093af0c5d7-refs/branch-heads/4183@{#1689}), userDataDir=C:\Users\Rajesh\AppData\Local\Temp\scoped_dir17376_267665351}, takesHeapSnapshot=true, pageLoadStrategy=normal, strictFileInteractability=false, databaseEnabled=false, handlesAlerts=true, version=85.0.4183.121, browserConnectionEnabled=false, proxy={}, nativeEvents=true, locationContextEnabled=true, cssSelectorsEnabled=true, webauthn:virtualAuthenticators=true}]
Session ID: ef053169da99847c0263e689597e609a]]>
            </message>
            <full-stacktrace>
              <![CDATA[org.openqa.selenium.WebDriverException: element click intercepted: Element is not clickable at point (1246, 644)
  (Session info: chrome=85.0.4183.121)
  (Driver info: chromedriver=85.0.4183.87 (cd6713ebf92fa1cacc0f1a598df280093af0c5d7-refs/branch-heads/4183@{#1689}),platform=Windows NT 10.0.18362 x86_64) (WARNING: The server did not provide any stacktrace information)
Command duration or timeout: 1.08 seconds
Build info: version: '2.53.1', revision: 'a36b8b1cd5757287168e54b817830adce9b0158d', time: '2016-06-30 19:26:09'
System info: host: 'MININT-UM25UFB', ip: '10.0.75.1', os.name: 'Windows 10', os.arch: 'amd64', os.version: '10.0', java.version: '1.8.0_261'
Driver info: org.openqa.selenium.chrome.ChromeDriver
Capabilities [{mobileEmulationEnabled=false, timeouts={implicit=0, pageLoad=300000, script=30000}, hasTouchScreen=false, platform=XP, acceptSslCerts=false, goog:chromeOptions={debuggerAddress=localhost:59349}, acceptInsecureCerts=false, webStorageEnabled=true, browserName=chrome, takesScreenshot=true, javascriptEnabled=true, setWindowRect=true, unexpectedAlertBehaviour=ignore, applicationCacheEnabled=false, rotatable=false, networkConnectionEnabled=false, chrome={chromedriverVersion=85.0.4183.87 (cd6713ebf92fa1cacc0f1a598df280093af0c5d7-refs/branch-heads/4183@{#1689}), userDataDir=C:\Users\Rajesh\AppData\Local\Temp\scoped_dir17376_267665351}, takesHeapSnapshot=true, pageLoadStrategy=normal, strictFileInteractability=false, databaseEnabled=false, handlesAlerts=true, version=85.0.4183.121, browserConnectionEnabled=false, proxy={}, nativeEvents=true, locationContextEnabled=true, cssSelectorsEnabled=true, webauthn:virtualAuthenticators=true}]
Session ID: ef053169da99847c0263e689597e609a
at sun.reflect.NativeConstructorAccessorImpl.newInstance0(Native Method)
at sun.reflect.NativeConstructorAccessorImpl.newInstance(NativeConstructorAccessorImpl.java:62)
at sun.reflect.DelegatingConstructorAccessorImpl.newInstance(DelegatingConstructorAccessorImpl.java:45)
at java.lang.reflect.Constructor.newInstance(Constructor.java:423)
at org.openqa.selenium.remote.ErrorHandler.createThrowable(ErrorHandler.java:206)
at org.openqa.selenium.remote.ErrorHandler.throwIfResponseFailed(ErrorHandler.java:158)
at org.openqa.selenium.remote.RemoteWebDriver.execute(RemoteWebDriver.java:678)
at org.openqa.selenium.remote.RemoteWebElement.execute(RemoteWebElement.java:327)
at org.openqa.selenium.remote.RemoteWebElement.click(RemoteWebElement.java:85)
at sun.reflect.GeneratedMethodAccessor1.invoke(Unknown Source)
at sun.reflect.DelegatingMethodAccessorImpl.invoke(DelegatingMethodAccessorImpl.java:43)
at java.lang.reflect.Method.invoke(Method.java:498)
at org.openqa.selenium.support.pagefactory.internal.LocatingElementHandler.invoke(LocatingElementHandler.java:51)
at com.sun.proxy.$Proxy10.click(Unknown Source)
at com.dollardays.pages.Team8WishlistPage.Searchbartest(Team8WishlistPage.java:231)
at com.dollardays.testcases.WishlistPageB4loginTestcase.VerifysearchbyorganizationtextfieldfunctionalityInvaliddata(WishlistPageB4loginTestcase.java:22)
at sun.reflect.NativeMethodAccessorImpl.invoke0(Native Method)
at sun.reflect.NativeMethodAccessorImpl.invoke(NativeMethodAccessorImpl.java:62)
at sun.reflect.DelegatingMethodAccessorImpl.invoke(DelegatingMethodAccessorImpl.java:43)
at java.lang.reflect.Method.invoke(Method.java:498)
at org.testng.internal.MethodInvocationHelper.invokeMethod(MethodInvocationHelper.java:132)
at org.testng.internal.TestInvoker.invokeMethod(TestInvoker.java:599)
at org.testng.internal.TestInvoker.invokeTestMethod(TestInvoker.java:174)
at org.testng.internal.MethodRunner.runInSequence(MethodRunner.java:46)
at org.testng.internal.TestInvoker$MethodInvocationAgent.invoke(TestInvoker.java:822)
at org.testng.internal.TestInvoker.invokeTestMethods(TestInvoker.java:147)
at org.testng.internal.TestMethodWorker.invokeTestMethods(TestMethodWorker.java:146)
at org.testng.internal.TestMethodWorker.run(TestMethodWorker.java:128)
at java.util.ArrayList.forEach(ArrayList.java:1259)
at org.testng.TestRunner.privateRun(TestRunner.java:764)
at org.testng.TestRunner.run(TestRunner.java:585)
at org.testng.SuiteRunner.runTest(SuiteRunner.java:384)
at org.testng.SuiteRunner.runSequentially(SuiteRunner.java:378)
at org.testng.SuiteRunner.privateRun(SuiteRunner.java:337)
at org.testng.SuiteRunner.run(SuiteRunner.java:286)
at org.testng.SuiteRunnerWorker.runSuite(SuiteRunnerWorker.java:53)
at org.testng.SuiteRunnerWorker.run(SuiteRunnerWorker.java:96)
at org.testng.TestNG.runSuitesSequentially(TestNG.java:1218)
at org.testng.TestNG.runSuitesLocally(TestNG.java:1140)
at org.testng.TestNG.runSuites(TestNG.java:1069)
at org.testng.TestNG.run(TestNG.java:1037)
at org.testng.remote.AbstractRemoteTestNG.run(AbstractRemoteTestNG.java:115)
at org.testng.remote.RemoteTestNG.initAndRun(RemoteTestNG.java:251)
at org.testng.remote.RemoteTestNG.main(RemoteTestNG.java:77)
]]>
            </full-stacktrace>
          </exception> <!-- org.openqa.selenium.WebDriverException -->
          <reporter-output>
          </reporter-output>
        </test-method> <!-- VerifysearchbyorganizationtextfieldfunctionalityInvaliddata -->
        <test-method status="PASS" signature="quit()[pri:0, instance:com.dollardays.testcases.WishlistPageB4loginTestcase@351d0846]" name="quit" is-config="true" duration-ms="5112" started-at="2020-10-07T21:43:29 EDT" finished-at="2020-10-07T21:43:34 EDT">
          <reporter-output>
          </reporter-output>
        </test-method> <!-- quit -->
        <test-method status="PASS" signature="setUpBrowser()[pri:0, instance:com.dollardays.testcases.WishlistPageB4loginTestcase@351d0846]" name="setUpBrowser" is-config="true" duration-ms="9512" started-at="2020-10-07T21:43:34 EDT" finished-at="2020-10-07T21:43:43 EDT">
          <reporter-output>
          </reporter-output>
        </test-method> <!-- setUpBrowser -->
        <test-method status="PASS" signature="VerifysearchbyorganizationtextfieldfunctionalityInvaliddata(java.util.Hashtable)[pri:8, instance:com.dollardays.testcases.WishlistPageB4loginTestcase@351d0846]" name="VerifysearchbyorganizationtextfieldfunctionalityInvaliddata" duration-ms="11818" started-at="2020-10-07T21:43:43 EDT" data-provider="dd-dataprovider" finished-at="2020-10-07T21:43:55 EDT">
          <params>
            <param index="0">
              <value>
                <![CDATA[{TestCase=, Password=, Runmode=Yes, SheetName=Sheet4, Input=Newzeland, UserName=, TCID=TC6}]]>
              </value>
            </param>
          </params>
          <reporter-output>
          </reporter-output>
        </test-method> <!-- VerifysearchbyorganizationtextfieldfunctionalityInvaliddata -->
        <test-method status="PASS" signature="quit()[pri:0, instance:com.dollardays.testcases.WishlistPageB4loginTestcase@351d0846]" name="quit" is-config="true" duration-ms="5091" started-at="2020-10-07T21:43:55 EDT" finished-at="2020-10-07T21:44:00 EDT">
          <reporter-output>
          </reporter-output>
        </test-method> <!-- quit -->
        <test-method status="FAIL" signature="setUpBrowser()[pri:0, instance:com.dollardays.testcases.WishlistPageB4loginTestcase@351d0846]" name="setUpBrowser" is-config="true" duration-ms="13989" started-at="2020-10-07T21:44:00 EDT" finished-at="2020-10-07T21:44:14 EDT">
          <exception class="java.lang.Exception">
            <message>
              <![CDATA[Driver Not Found]]>
            </message>
            <full-stacktrace>
              <![CDATA[java.lang.Exception: Driver Not Found
at com.dollardays.testcases.BaseTest.openBrowser(BaseTest.java:95)
at com.dollardays.testcases.BaseTest.setUpBrowser(BaseTest.java:117)
at sun.reflect.GeneratedMethodAccessor5.invoke(Unknown Source)
at sun.reflect.DelegatingMethodAccessorImpl.invoke(DelegatingMethodAccessorImpl.java:43)
at java.lang.reflect.Method.invoke(Method.java:498)
at org.testng.internal.MethodInvocationHelper.invokeMethod(MethodInvocationHelper.java:132)
at org.testng.internal.MethodInvocationHelper.invokeMethodConsideringTimeout(MethodInvocationHelper.java:61)
at org.testng.internal.ConfigInvoker.invokeConfigurationMethod(ConfigInvoker.java:366)
at org.testng.internal.ConfigInvoker.invokeConfigurations(ConfigInvoker.java:320)
at org.testng.internal.TestInvoker.runConfigMethods(TestInvoker.java:701)
at org.testng.internal.TestInvoker.invokeMethod(TestInvoker.java:527)
at org.testng.internal.TestInvoker.invokeTestMethod(TestInvoker.java:174)
at org.testng.internal.MethodRunner.runInSequence(MethodRunner.java:46)
at org.testng.internal.TestInvoker$MethodInvocationAgent.invoke(TestInvoker.java:822)
at org.testng.internal.TestInvoker.invokeTestMethods(TestInvoker.java:147)
at org.testng.internal.TestMethodWorker.invokeTestMethods(TestMethodWorker.java:146)
at org.testng.internal.TestMethodWorker.run(TestMethodWorker.java:128)
at java.util.ArrayList.forEach(ArrayList.java:1259)
at org.testng.TestRunner.privateRun(TestRunner.java:764)
at org.testng.TestRunner.run(TestRunner.java:585)
at org.testng.SuiteRunner.runTest(SuiteRunner.java:384)
at org.testng.SuiteRunner.runSequentially(SuiteRunner.java:378)
at org.testng.SuiteRunner.privateRun(SuiteRunner.java:337)
at org.testng.SuiteRunner.run(SuiteRunner.java:286)
at org.testng.SuiteRunnerWorker.runSuite(SuiteRunnerWorker.java:53)
at org.testng.SuiteRunnerWorker.run(SuiteRunnerWorker.java:96)
at org.testng.TestNG.runSuitesSequentially(TestNG.java:1218)
at org.testng.TestNG.runSuitesLocally(TestNG.java:1140)
at org.testng.TestNG.runSuites(TestNG.java:1069)
at org.testng.TestNG.run(TestNG.java:1037)
at org.testng.remote.AbstractRemoteTestNG.run(AbstractRemoteTestNG.java:115)
at org.testng.remote.RemoteTestNG.initAndRun(RemoteTestNG.java:251)
at org.testng.remote.RemoteTestNG.main(RemoteTestNG.java:77)
]]>
            </full-stacktrace>
          </exception> <!-- java.lang.Exception -->
          <reporter-output>
          </reporter-output>
        </test-method> <!-- setUpBrowser -->
        <test-method status="SKIP" signature="VerifyCityStateandorzipcodefieldfunctionalityvaliddata(java.util.Hashtable)[pri:9, instance:com.dollardays.testcases.WishlistPageB4loginTestcase@351d0846]" name="VerifyCityStateandorzipcodefieldfunctionalityvaliddata" duration-ms="0" started-at="2020-10-07T21:44:14 EDT" data-provider="dd-dataprovider" finished-at="2020-10-07T21:44:14 EDT">
          <params>
            <param index="0">
              <value>
                <![CDATA[{TestCase=Verify search by City, State and/or zip code field functionality with valid data, Password=, Runmode=Yes, SheetName=Sheet2, Input=Phoenix , UserName=, TCID=TC1}]]>
              </value>
            </param>
          </params>
          <exception class="java.lang.Exception">
            <message>
              <![CDATA[Driver Not Found]]>
            </message>
            <full-stacktrace>
              <![CDATA[java.lang.Exception: Driver Not Found
at com.dollardays.testcases.BaseTest.openBrowser(BaseTest.java:95)
at com.dollardays.testcases.BaseTest.setUpBrowser(BaseTest.java:117)
at sun.reflect.GeneratedMethodAccessor5.invoke(Unknown Source)
at sun.reflect.DelegatingMethodAccessorImpl.invoke(DelegatingMethodAccessorImpl.java:43)
at java.lang.reflect.Method.invoke(Method.java:498)
at org.testng.internal.MethodInvocationHelper.invokeMethod(MethodInvocationHelper.java:132)
at org.testng.internal.MethodInvocationHelper.invokeMethodConsideringTimeout(MethodInvocationHelper.java:61)
at org.testng.internal.ConfigInvoker.invokeConfigurationMethod(ConfigInvoker.java:366)
at org.testng.internal.ConfigInvoker.invokeConfigurations(ConfigInvoker.java:320)
at org.testng.internal.TestInvoker.runConfigMethods(TestInvoker.java:701)
at org.testng.internal.TestInvoker.invokeMethod(TestInvoker.java:527)
at org.testng.internal.TestInvoker.invokeTestMethod(TestInvoker.java:174)
at org.testng.internal.MethodRunner.runInSequence(MethodRunner.java:46)
at org.testng.internal.TestInvoker$MethodInvocationAgent.invoke(TestInvoker.java:822)
at org.testng.internal.TestInvoker.invokeTestMethods(TestInvoker.java:147)
at org.testng.internal.TestMethodWorker.invokeTestMethods(TestMethodWorker.java:146)
at org.testng.internal.TestMethodWorker.run(TestMethodWorker.java:128)
at java.util.ArrayList.forEach(ArrayList.java:1259)
at org.testng.TestRunner.privateRun(TestRunner.java:764)
at org.testng.TestRunner.run(TestRunner.java:585)
at org.testng.SuiteRunner.runTest(SuiteRunner.java:384)
at org.testng.SuiteRunner.runSequentially(SuiteRunner.java:378)
at org.testng.SuiteRunner.privateRun(SuiteRunner.java:337)
at org.testng.SuiteRunner.run(SuiteRunner.java:286)
at org.testng.SuiteRunnerWorker.runSuite(SuiteRunnerWorker.java:53)
at org.testng.SuiteRunnerWorker.run(SuiteRunnerWorker.java:96)
at org.testng.TestNG.runSuitesSequentially(TestNG.java:1218)
at org.testng.TestNG.runSuitesLocally(TestNG.java:1140)
at org.testng.TestNG.runSuites(TestNG.java:1069)
at org.testng.TestNG.run(TestNG.java:1037)
at org.testng.remote.AbstractRemoteTestNG.run(AbstractRemoteTestNG.java:115)
at org.testng.remote.RemoteTestNG.initAndRun(RemoteTestNG.java:251)
at org.testng.remote.RemoteTestNG.main(RemoteTestNG.java:77)
]]>
            </full-stacktrace>
          </exception> <!-- java.lang.Exception -->
          <reporter-output>
          </reporter-output>
        </test-method> <!-- VerifyCityStateandorzipcodefieldfunctionalityvaliddata -->
        <test-method status="SKIP" signature="quit()[pri:0, instance:com.dollardays.testcases.WishlistPageB4loginTestcase@351d0846]" name="quit" is-config="true" duration-ms="-1602121454966" started-at="2020-10-07T21:44:14 EDT" finished-at="1969-12-31T19:00:00 EST">
          <reporter-output>
          </reporter-output>
        </test-method> <!-- quit -->
        <test-method status="SKIP" signature="setUpBrowser()[pri:0, instance:com.dollardays.testcases.WishlistPageB4loginTestcase@351d0846]" name="setUpBrowser" is-config="true" duration-ms="-1602121454970" started-at="2020-10-07T21:44:14 EDT" finished-at="1969-12-31T19:00:00 EST">
          <reporter-output>
          </reporter-output>
        </test-method> <!-- setUpBrowser -->
        <test-method status="SKIP" signature="VerifyCityStateandorzipcodefieldfunctionalityvaliddata(java.util.Hashtable)[pri:9, instance:com.dollardays.testcases.WishlistPageB4loginTestcase@351d0846]" name="VerifyCityStateandorzipcodefieldfunctionalityvaliddata" duration-ms="0" started-at="2020-10-07T21:44:14 EDT" data-provider="dd-dataprovider" finished-at="2020-10-07T21:44:14 EDT">
          <params>
            <param index="0">
              <value>
                <![CDATA[{TestCase=, Password=, Runmode=Yes, SheetName=Sheet2, Input=Scottsdale, UserName=, TCID=TC2}]]>
              </value>
            </param>
          </params>
          <exception class="java.lang.Exception">
            <message>
              <![CDATA[Driver Not Found]]>
            </message>
            <full-stacktrace>
              <![CDATA[java.lang.Exception: Driver Not Found
at com.dollardays.testcases.BaseTest.openBrowser(BaseTest.java:95)
at com.dollardays.testcases.BaseTest.setUpBrowser(BaseTest.java:117)
at sun.reflect.GeneratedMethodAccessor5.invoke(Unknown Source)
at sun.reflect.DelegatingMethodAccessorImpl.invoke(DelegatingMethodAccessorImpl.java:43)
at java.lang.reflect.Method.invoke(Method.java:498)
at org.testng.internal.MethodInvocationHelper.invokeMethod(MethodInvocationHelper.java:132)
at org.testng.internal.MethodInvocationHelper.invokeMethodConsideringTimeout(MethodInvocationHelper.java:61)
at org.testng.internal.ConfigInvoker.invokeConfigurationMethod(ConfigInvoker.java:366)
at org.testng.internal.ConfigInvoker.invokeConfigurations(ConfigInvoker.java:320)
at org.testng.internal.TestInvoker.runConfigMethods(TestInvoker.java:701)
at org.testng.internal.TestInvoker.invokeMethod(TestInvoker.java:527)
at org.testng.internal.TestInvoker.invokeTestMethod(TestInvoker.java:174)
at org.testng.internal.MethodRunner.runInSequence(MethodRunner.java:46)
at org.testng.internal.TestInvoker$MethodInvocationAgent.invoke(TestInvoker.java:822)
at org.testng.internal.TestInvoker.invokeTestMethods(TestInvoker.java:147)
at org.testng.internal.TestMethodWorker.invokeTestMethods(TestMethodWorker.java:146)
at org.testng.internal.TestMethodWorker.run(TestMethodWorker.java:128)
at java.util.ArrayList.forEach(ArrayList.java:1259)
at org.testng.TestRunner.privateRun(TestRunner.java:764)
at org.testng.TestRunner.run(TestRunner.java:585)
at org.testng.SuiteRunner.runTest(SuiteRunner.java:384)
at org.testng.SuiteRunner.runSequentially(SuiteRunner.java:378)
at org.testng.SuiteRunner.privateRun(SuiteRunner.java:337)
at org.testng.SuiteRunner.run(SuiteRunner.java:286)
at org.testng.SuiteRunnerWorker.runSuite(SuiteRunnerWorker.java:53)
at org.testng.SuiteRunnerWorker.run(SuiteRunnerWorker.java:96)
at org.testng.TestNG.runSuitesSequentially(TestNG.java:1218)
at org.testng.TestNG.runSuitesLocally(TestNG.java:1140)
at org.testng.TestNG.runSuites(TestNG.java:1069)
at org.testng.TestNG.run(TestNG.java:1037)
at org.testng.remote.AbstractRemoteTestNG.run(AbstractRemoteTestNG.java:115)
at org.testng.remote.RemoteTestNG.initAndRun(RemoteTestNG.java:251)
at org.testng.remote.RemoteTestNG.main(RemoteTestNG.java:77)
]]>
            </full-stacktrace>
          </exception> <!-- java.lang.Exception -->
          <reporter-output>
          </reporter-output>
        </test-method> <!-- VerifyCityStateandorzipcodefieldfunctionalityvaliddata -->
        <test-method status="SKIP" signature="quit()[pri:0, instance:com.dollardays.testcases.WishlistPageB4loginTestcase@351d0846]" name="quit" is-config="true" duration-ms="-1602121454982" started-at="2020-10-07T21:44:14 EDT" finished-at="1969-12-31T19:00:00 EST">
          <reporter-output>
          </reporter-output>
        </test-method> <!-- quit -->
        <test-method status="SKIP" signature="setUpBrowser()[pri:0, instance:com.dollardays.testcases.WishlistPageB4loginTestcase@351d0846]" name="setUpBrowser" is-config="true" duration-ms="-1602121454984" started-at="2020-10-07T21:44:14 EDT" finished-at="1969-12-31T19:00:00 EST">
          <reporter-output>
          </reporter-output>
        </test-method> <!-- setUpBrowser -->
        <test-method status="SKIP" signature="VerifyCityStateandorzipcodefieldfunctionalityvaliddata(java.util.Hashtable)[pri:9, instance:com.dollardays.testcases.WishlistPageB4loginTestcase@351d0846]" name="VerifyCityStateandorzipcodefieldfunctionalityvaliddata" duration-ms="0" started-at="2020-10-07T21:44:14 EDT" data-provider="dd-dataprovider" finished-at="2020-10-07T21:44:14 EDT">
          <params>
            <param index="0">
              <value>
                <![CDATA[{TestCase=, Password=, Runmode=Yes, SheetName=Sheet2, Input=Arizona, UserName=, TCID=TC3}]]>
              </value>
            </param>
          </params>
          <exception class="java.lang.Exception">
            <message>
              <![CDATA[Driver Not Found]]>
            </message>
            <full-stacktrace>
              <![CDATA[java.lang.Exception: Driver Not Found
at com.dollardays.testcases.BaseTest.openBrowser(BaseTest.java:95)
at com.dollardays.testcases.BaseTest.setUpBrowser(BaseTest.java:117)
at sun.reflect.GeneratedMethodAccessor5.invoke(Unknown Source)
at sun.reflect.DelegatingMethodAccessorImpl.invoke(DelegatingMethodAccessorImpl.java:43)
at java.lang.reflect.Method.invoke(Method.java:498)
at org.testng.internal.MethodInvocationHelper.invokeMethod(MethodInvocationHelper.java:132)
at org.testng.internal.MethodInvocationHelper.invokeMethodConsideringTimeout(MethodInvocationHelper.java:61)
at org.testng.internal.ConfigInvoker.invokeConfigurationMethod(ConfigInvoker.java:366)
at org.testng.internal.ConfigInvoker.invokeConfigurations(ConfigInvoker.java:320)
at org.testng.internal.TestInvoker.runConfigMethods(TestInvoker.java:701)
at org.testng.internal.TestInvoker.invokeMethod(TestInvoker.java:527)
at org.testng.internal.TestInvoker.invokeTestMethod(TestInvoker.java:174)
at org.testng.internal.MethodRunner.runInSequence(MethodRunner.java:46)
at org.testng.internal.TestInvoker$MethodInvocationAgent.invoke(TestInvoker.java:822)
at org.testng.internal.TestInvoker.invokeTestMethods(TestInvoker.java:147)
at org.testng.internal.TestMethodWorker.invokeTestMethods(TestMethodWorker.java:146)
at org.testng.internal.TestMethodWorker.run(TestMethodWorker.java:128)
at java.util.ArrayList.forEach(ArrayList.java:1259)
at org.testng.TestRunner.privateRun(TestRunner.java:764)
at org.testng.TestRunner.run(TestRunner.java:585)
at org.testng.SuiteRunner.runTest(SuiteRunner.java:384)
at org.testng.SuiteRunner.runSequentially(SuiteRunner.java:378)
at org.testng.SuiteRunner.privateRun(SuiteRunner.java:337)
at org.testng.SuiteRunner.run(SuiteRunner.java:286)
at org.testng.SuiteRunnerWorker.runSuite(SuiteRunnerWorker.java:53)
at org.testng.SuiteRunnerWorker.run(SuiteRunnerWorker.java:96)
at org.testng.TestNG.runSuitesSequentially(TestNG.java:1218)
at org.testng.TestNG.runSuitesLocally(TestNG.java:1140)
at org.testng.TestNG.runSuites(TestNG.java:1069)
at org.testng.TestNG.run(TestNG.java:1037)
at org.testng.remote.AbstractRemoteTestNG.run(AbstractRemoteTestNG.java:115)
at org.testng.remote.RemoteTestNG.initAndRun(RemoteTestNG.java:251)
at org.testng.remote.RemoteTestNG.main(RemoteTestNG.java:77)
]]>
            </full-stacktrace>
          </exception> <!-- java.lang.Exception -->
          <reporter-output>
          </reporter-output>
        </test-method> <!-- VerifyCityStateandorzipcodefieldfunctionalityvaliddata -->
        <test-method status="SKIP" signature="quit()[pri:0, instance:com.dollardays.testcases.WishlistPageB4loginTestcase@351d0846]" name="quit" is-config="true" duration-ms="-1602121455002" started-at="2020-10-07T21:44:15 EDT" finished-at="1969-12-31T19:00:00 EST">
          <reporter-output>
          </reporter-output>
        </test-method> <!-- quit -->
        <test-method status="SKIP" signature="setUpBrowser()[pri:0, instance:com.dollardays.testcases.WishlistPageB4loginTestcase@351d0846]" name="setUpBrowser" is-config="true" duration-ms="-1602121455004" started-at="2020-10-07T21:44:15 EDT" finished-at="1969-12-31T19:00:00 EST">
          <reporter-output>
          </reporter-output>
        </test-method> <!-- setUpBrowser -->
        <test-method status="SKIP" signature="VerifyCityStateandorzipcodefieldfunctionalityvaliddata(java.util.Hashtable)[pri:9, instance:com.dollardays.testcases.WishlistPageB4loginTestcase@351d0846]" name="VerifyCityStateandorzipcodefieldfunctionalityvaliddata" duration-ms="0" started-at="2020-10-07T21:44:15 EDT" data-provider="dd-dataprovider" finished-at="2020-10-07T21:44:15 EDT">
          <params>
            <param index="0">
              <value>
                <![CDATA[{TestCase=, Password=, Runmode=Yes, SheetName=Sheet2, Input=Minneapolis, UserName=, TCID=TC4}]]>
              </value>
            </param>
          </params>
          <exception class="java.lang.Exception">
            <message>
              <![CDATA[Driver Not Found]]>
            </message>
            <full-stacktrace>
              <![CDATA[java.lang.Exception: Driver Not Found
at com.dollardays.testcases.BaseTest.openBrowser(BaseTest.java:95)
at com.dollardays.testcases.BaseTest.setUpBrowser(BaseTest.java:117)
at sun.reflect.GeneratedMethodAccessor5.invoke(Unknown Source)
at sun.reflect.DelegatingMethodAccessorImpl.invoke(DelegatingMethodAccessorImpl.java:43)
at java.lang.reflect.Method.invoke(Method.java:498)
at org.testng.internal.MethodInvocationHelper.invokeMethod(MethodInvocationHelper.java:132)
at org.testng.internal.MethodInvocationHelper.invokeMethodConsideringTimeout(MethodInvocationHelper.java:61)
at org.testng.internal.ConfigInvoker.invokeConfigurationMethod(ConfigInvoker.java:366)
at org.testng.internal.ConfigInvoker.invokeConfigurations(ConfigInvoker.java:320)
at org.testng.internal.TestInvoker.runConfigMethods(TestInvoker.java:701)
at org.testng.internal.TestInvoker.invokeMethod(TestInvoker.java:527)
at org.testng.internal.TestInvoker.invokeTestMethod(TestInvoker.java:174)
at org.testng.internal.MethodRunner.runInSequence(MethodRunner.java:46)
at org.testng.internal.TestInvoker$MethodInvocationAgent.invoke(TestInvoker.java:822)
at org.testng.internal.TestInvoker.invokeTestMethods(TestInvoker.java:147)
at org.testng.internal.TestMethodWorker.invokeTestMethods(TestMethodWorker.java:146)
at org.testng.internal.TestMethodWorker.run(TestMethodWorker.java:128)
at java.util.ArrayList.forEach(ArrayList.java:1259)
at org.testng.TestRunner.privateRun(TestRunner.java:764)
at org.testng.TestRunner.run(TestRunner.java:585)
at org.testng.SuiteRunner.runTest(SuiteRunner.java:384)
at org.testng.SuiteRunner.runSequentially(SuiteRunner.java:378)
at org.testng.SuiteRunner.privateRun(SuiteRunner.java:337)
at org.testng.SuiteRunner.run(SuiteRunner.java:286)
at org.testng.SuiteRunnerWorker.runSuite(SuiteRunnerWorker.java:53)
at org.testng.SuiteRunnerWorker.run(SuiteRunnerWorker.java:96)
at org.testng.TestNG.runSuitesSequentially(TestNG.java:1218)
at org.testng.TestNG.runSuitesLocally(TestNG.java:1140)
at org.testng.TestNG.runSuites(TestNG.java:1069)
at org.testng.TestNG.run(TestNG.java:1037)
at org.testng.remote.AbstractRemoteTestNG.run(AbstractRemoteTestNG.java:115)
at org.testng.remote.RemoteTestNG.initAndRun(RemoteTestNG.java:251)
at org.testng.remote.RemoteTestNG.main(RemoteTestNG.java:77)
]]>
            </full-stacktrace>
          </exception> <!-- java.lang.Exception -->
          <reporter-output>
          </reporter-output>
        </test-method> <!-- VerifyCityStateandorzipcodefieldfunctionalityvaliddata -->
        <test-method status="SKIP" signature="quit()[pri:0, instance:com.dollardays.testcases.WishlistPageB4loginTestcase@351d0846]" name="quit" is-config="true" duration-ms="-1602121455026" started-at="2020-10-07T21:44:15 EDT" finished-at="1969-12-31T19:00:00 EST">
          <reporter-output>
          </reporter-output>
        </test-method> <!-- quit -->
        <test-method status="SKIP" signature="setUpBrowser()[pri:0, instance:com.dollardays.testcases.WishlistPageB4loginTestcase@351d0846]" name="setUpBrowser" is-config="true" duration-ms="-1602121455031" started-at="2020-10-07T21:44:15 EDT" finished-at="1969-12-31T19:00:00 EST">
          <reporter-output>
          </reporter-output>
        </test-method> <!-- setUpBrowser -->
        <test-method status="SKIP" signature="VerifyCityStateandorzipcodefieldfunctionalityvaliddata(java.util.Hashtable)[pri:9, instance:com.dollardays.testcases.WishlistPageB4loginTestcase@351d0846]" name="VerifyCityStateandorzipcodefieldfunctionalityvaliddata" duration-ms="0" started-at="2020-10-07T21:44:15 EDT" data-provider="dd-dataprovider" finished-at="2020-10-07T21:44:15 EDT">
          <params>
            <param index="0">
              <value>
                <![CDATA[{TestCase=, Password=, Runmode=Yes, SheetName=Sheet2, Input=85007, UserName=, TCID=TC5}]]>
              </value>
            </param>
          </params>
          <exception class="java.lang.Exception">
            <message>
              <![CDATA[Driver Not Found]]>
            </message>
            <full-stacktrace>
              <![CDATA[java.lang.Exception: Driver Not Found
at com.dollardays.testcases.BaseTest.openBrowser(BaseTest.java:95)
at com.dollardays.testcases.BaseTest.setUpBrowser(BaseTest.java:117)
at sun.reflect.GeneratedMethodAccessor5.invoke(Unknown Source)
at sun.reflect.DelegatingMethodAccessorImpl.invoke(DelegatingMethodAccessorImpl.java:43)
at java.lang.reflect.Method.invoke(Method.java:498)
at org.testng.internal.MethodInvocationHelper.invokeMethod(MethodInvocationHelper.java:132)
at org.testng.internal.MethodInvocationHelper.invokeMethodConsideringTimeout(MethodInvocationHelper.java:61)
at org.testng.internal.ConfigInvoker.invokeConfigurationMethod(ConfigInvoker.java:366)
at org.testng.internal.ConfigInvoker.invokeConfigurations(ConfigInvoker.java:320)
at org.testng.internal.TestInvoker.runConfigMethods(TestInvoker.java:701)
at org.testng.internal.TestInvoker.invokeMethod(TestInvoker.java:527)
at org.testng.internal.TestInvoker.invokeTestMethod(TestInvoker.java:174)
at org.testng.internal.MethodRunner.runInSequence(MethodRunner.java:46)
at org.testng.internal.TestInvoker$MethodInvocationAgent.invoke(TestInvoker.java:822)
at org.testng.internal.TestInvoker.invokeTestMethods(TestInvoker.java:147)
at org.testng.internal.TestMethodWorker.invokeTestMethods(TestMethodWorker.java:146)
at org.testng.internal.TestMethodWorker.run(TestMethodWorker.java:128)
at java.util.ArrayList.forEach(ArrayList.java:1259)
at org.testng.TestRunner.privateRun(TestRunner.java:764)
at org.testng.TestRunner.run(TestRunner.java:585)
at org.testng.SuiteRunner.runTest(SuiteRunner.java:384)
at org.testng.SuiteRunner.runSequentially(SuiteRunner.java:378)
at org.testng.SuiteRunner.privateRun(SuiteRunner.java:337)
at org.testng.SuiteRunner.run(SuiteRunner.java:286)
at org.testng.SuiteRunnerWorker.runSuite(SuiteRunnerWorker.java:53)
at org.testng.SuiteRunnerWorker.run(SuiteRunnerWorker.java:96)
at org.testng.TestNG.runSuitesSequentially(TestNG.java:1218)
at org.testng.TestNG.runSuitesLocally(TestNG.java:1140)
at org.testng.TestNG.runSuites(TestNG.java:1069)
at org.testng.TestNG.run(TestNG.java:1037)
at org.testng.remote.AbstractRemoteTestNG.run(AbstractRemoteTestNG.java:115)
at org.testng.remote.RemoteTestNG.initAndRun(RemoteTestNG.java:251)
at org.testng.remote.RemoteTestNG.main(RemoteTestNG.java:77)
]]>
            </full-stacktrace>
          </exception> <!-- java.lang.Exception -->
          <reporter-output>
          </reporter-output>
        </test-method> <!-- VerifyCityStateandorzipcodefieldfunctionalityvaliddata -->
        <test-method status="SKIP" signature="quit()[pri:0, instance:com.dollardays.testcases.WishlistPageB4loginTestcase@351d0846]" name="quit" is-config="true" duration-ms="-1602121455048" started-at="2020-10-07T21:44:15 EDT" finished-at="1969-12-31T19:00:00 EST">
          <reporter-output>
          </reporter-output>
        </test-method> <!-- quit -->
        <test-method status="SKIP" signature="setUpBrowser()[pri:0, instance:com.dollardays.testcases.WishlistPageB4loginTestcase@351d0846]" name="setUpBrowser" is-config="true" duration-ms="-1602121455051" started-at="2020-10-07T21:44:15 EDT" finished-at="1969-12-31T19:00:00 EST">
          <reporter-output>
          </reporter-output>
        </test-method> <!-- setUpBrowser -->
        <test-method status="SKIP" signature="VerifyCityStateandorzipcodefieldfunctionalityvaliddata(java.util.Hashtable)[pri:9, instance:com.dollardays.testcases.WishlistPageB4loginTestcase@351d0846]" name="VerifyCityStateandorzipcodefieldfunctionalityvaliddata" duration-ms="0" started-at="2020-10-07T21:44:15 EDT" data-provider="dd-dataprovider" finished-at="2020-10-07T21:44:15 EDT">
          <params>
            <param index="0">
              <value>
                <![CDATA[{TestCase=, Password=, Runmode=Yes, SheetName=Sheet2, Input=Az, UserName=, TCID=TC6}]]>
              </value>
            </param>
          </params>
          <exception class="java.lang.Exception">
            <message>
              <![CDATA[Driver Not Found]]>
            </message>
            <full-stacktrace>
              <![CDATA[java.lang.Exception: Driver Not Found
at com.dollardays.testcases.BaseTest.openBrowser(BaseTest.java:95)
at com.dollardays.testcases.BaseTest.setUpBrowser(BaseTest.java:117)
at sun.reflect.GeneratedMethodAccessor5.invoke(Unknown Source)
at sun.reflect.DelegatingMethodAccessorImpl.invoke(DelegatingMethodAccessorImpl.java:43)
at java.lang.reflect.Method.invoke(Method.java:498)
at org.testng.internal.MethodInvocationHelper.invokeMethod(MethodInvocationHelper.java:132)
at org.testng.internal.MethodInvocationHelper.invokeMethodConsideringTimeout(MethodInvocationHelper.java:61)
at org.testng.internal.ConfigInvoker.invokeConfigurationMethod(ConfigInvoker.java:366)
at org.testng.internal.ConfigInvoker.invokeConfigurations(ConfigInvoker.java:320)
at org.testng.internal.TestInvoker.runConfigMethods(TestInvoker.java:701)
at org.testng.internal.TestInvoker.invokeMethod(TestInvoker.java:527)
at org.testng.internal.TestInvoker.invokeTestMethod(TestInvoker.java:174)
at org.testng.internal.MethodRunner.runInSequence(MethodRunner.java:46)
at org.testng.internal.TestInvoker$MethodInvocationAgent.invoke(TestInvoker.java:822)
at org.testng.internal.TestInvoker.invokeTestMethods(TestInvoker.java:147)
at org.testng.internal.TestMethodWorker.invokeTestMethods(TestMethodWorker.java:146)
at org.testng.internal.TestMethodWorker.run(TestMethodWorker.java:128)
at java.util.ArrayList.forEach(ArrayList.java:1259)
at org.testng.TestRunner.privateRun(TestRunner.java:764)
at org.testng.TestRunner.run(TestRunner.java:585)
at org.testng.SuiteRunner.runTest(SuiteRunner.java:384)
at org.testng.SuiteRunner.runSequentially(SuiteRunner.java:378)
at org.testng.SuiteRunner.privateRun(SuiteRunner.java:337)
at org.testng.SuiteRunner.run(SuiteRunner.java:286)
at org.testng.SuiteRunnerWorker.runSuite(SuiteRunnerWorker.java:53)
at org.testng.SuiteRunnerWorker.run(SuiteRunnerWorker.java:96)
at org.testng.TestNG.runSuitesSequentially(TestNG.java:1218)
at org.testng.TestNG.runSuitesLocally(TestNG.java:1140)
at org.testng.TestNG.runSuites(TestNG.java:1069)
at org.testng.TestNG.run(TestNG.java:1037)
at org.testng.remote.AbstractRemoteTestNG.run(AbstractRemoteTestNG.java:115)
at org.testng.remote.RemoteTestNG.initAndRun(RemoteTestNG.java:251)
at org.testng.remote.RemoteTestNG.main(RemoteTestNG.java:77)
]]>
            </full-stacktrace>
          </exception> <!-- java.lang.Exception -->
          <reporter-output>
          </reporter-output>
        </test-method> <!-- VerifyCityStateandorzipcodefieldfunctionalityvaliddata -->
        <test-method status="SKIP" signature="quit()[pri:0, instance:com.dollardays.testcases.WishlistPageB4loginTestcase@351d0846]" name="quit" is-config="true" duration-ms="-1602121455059" started-at="2020-10-07T21:44:15 EDT" finished-at="1969-12-31T19:00:00 EST">
          <reporter-output>
          </reporter-output>
        </test-method> <!-- quit -->
        <test-method status="SKIP" signature="afterClass()[pri:0, instance:com.dollardays.testcases.WishlistPageB4loginTestcase@351d0846]" name="afterClass" is-config="true" duration-ms="-1602121455061" started-at="2020-10-07T21:44:15 EDT" finished-at="1969-12-31T19:00:00 EST">
          <reporter-output>
          </reporter-output>
        </test-method> <!-- afterClass -->
      </class> <!-- com.dollardays.testcases.WishlistPageB4loginTestcase -->
      <class name="com.dollardays.testcases.HomePageB4logintestcase">
        <test-method status="PASS" signature="beforeClass()[pri:0, instance:com.dollardays.testcases.HomePageB4logintestcase@4461c7e3]" name="beforeClass" is-config="true" duration-ms="10" started-at="2020-10-07T21:37:00 EDT" finished-at="2020-10-07T21:37:00 EDT">
          <reporter-output>
          </reporter-output>
        </test-method> <!-- beforeClass -->
        <test-method status="PASS" signature="setUpBrowser()[pri:0, instance:com.dollardays.testcases.HomePageB4logintestcase@4461c7e3]" name="setUpBrowser" is-config="true" duration-ms="11511" started-at="2020-10-07T21:37:00 EDT" finished-at="2020-10-07T21:37:12 EDT">
          <reporter-output>
          </reporter-output>
        </test-method> <!-- setUpBrowser -->
        <test-method status="PASS" signature="WishlistimgTest()[pri:1, instance:com.dollardays.testcases.HomePageB4logintestcase@4461c7e3]" name="WishlistimgTest" duration-ms="11562" started-at="2020-10-07T21:37:12 EDT" finished-at="2020-10-07T21:37:24 EDT">
          <reporter-output>
          </reporter-output>
        </test-method> <!-- WishlistimgTest -->
        <test-method status="PASS" signature="quit()[pri:0, instance:com.dollardays.testcases.HomePageB4logintestcase@4461c7e3]" name="quit" is-config="true" duration-ms="5244" started-at="2020-10-07T21:37:24 EDT" finished-at="2020-10-07T21:37:29 EDT">
          <reporter-output>
          </reporter-output>
        </test-method> <!-- quit -->
        <test-method status="PASS" signature="setUpBrowser()[pri:0, instance:com.dollardays.testcases.HomePageB4logintestcase@4461c7e3]" name="setUpBrowser" is-config="true" duration-ms="10436" started-at="2020-10-07T21:37:29 EDT" finished-at="2020-10-07T21:37:39 EDT">
          <reporter-output>
          </reporter-output>
        </test-method> <!-- setUpBrowser -->
        <test-method status="PASS" signature="WLLearnMorePageTitleTest()[pri:2, instance:com.dollardays.testcases.HomePageB4logintestcase@4461c7e3]" name="WLLearnMorePageTitleTest" duration-ms="12857" started-at="2020-10-07T21:37:39 EDT" finished-at="2020-10-07T21:37:52 EDT">
          <reporter-output>
          </reporter-output>
        </test-method> <!-- WLLearnMorePageTitleTest -->
        <test-method status="PASS" signature="quit()[pri:0, instance:com.dollardays.testcases.HomePageB4logintestcase@4461c7e3]" name="quit" is-config="true" duration-ms="5091" started-at="2020-10-07T21:37:52 EDT" finished-at="2020-10-07T21:37:57 EDT">
          <reporter-output>
          </reporter-output>
        </test-method> <!-- quit -->
        <test-method status="PASS" signature="setUpBrowser()[pri:0, instance:com.dollardays.testcases.HomePageB4logintestcase@4461c7e3]" name="setUpBrowser" is-config="true" duration-ms="10653" started-at="2020-10-07T21:37:57 EDT" finished-at="2020-10-07T21:38:08 EDT">
          <reporter-output>
          </reporter-output>
        </test-method> <!-- setUpBrowser -->
        <test-method status="PASS" signature="CreateawishlistPageTitleTest()[pri:3, instance:com.dollardays.testcases.HomePageB4logintestcase@4461c7e3]" name="CreateawishlistPageTitleTest" duration-ms="13287" started-at="2020-10-07T21:38:08 EDT" finished-at="2020-10-07T21:38:21 EDT">
          <reporter-output>
          </reporter-output>
        </test-method> <!-- CreateawishlistPageTitleTest -->
        <test-method status="PASS" signature="quit()[pri:0, instance:com.dollardays.testcases.HomePageB4logintestcase@4461c7e3]" name="quit" is-config="true" duration-ms="5094" started-at="2020-10-07T21:38:21 EDT" finished-at="2020-10-07T21:38:26 EDT">
          <reporter-output>
          </reporter-output>
        </test-method> <!-- quit -->
        <test-method status="PASS" signature="setUpBrowser()[pri:0, instance:com.dollardays.testcases.HomePageB4logintestcase@4461c7e3]" name="setUpBrowser" is-config="true" duration-ms="10190" started-at="2020-10-07T21:38:26 EDT" finished-at="2020-10-07T21:38:36 EDT">
          <reporter-output>
          </reporter-output>
        </test-method> <!-- setUpBrowser -->
        <test-method status="PASS" signature="DonatetodayPageTitleTest()[pri:4, instance:com.dollardays.testcases.HomePageB4logintestcase@4461c7e3]" name="DonatetodayPageTitleTest" duration-ms="13262" started-at="2020-10-07T21:38:36 EDT" finished-at="2020-10-07T21:38:50 EDT">
          <reporter-output>
          </reporter-output>
        </test-method> <!-- DonatetodayPageTitleTest -->
        <test-method status="PASS" signature="quit()[pri:0, instance:com.dollardays.testcases.HomePageB4logintestcase@4461c7e3]" name="quit" is-config="true" duration-ms="4883" started-at="2020-10-07T21:38:50 EDT" finished-at="2020-10-07T21:38:55 EDT">
          <reporter-output>
          </reporter-output>
        </test-method> <!-- quit -->
        <test-method status="PASS" signature="afterClass()[pri:0, instance:com.dollardays.testcases.HomePageB4logintestcase@4461c7e3]" name="afterClass" is-config="true" duration-ms="0" started-at="2020-10-07T21:38:55 EDT" finished-at="2020-10-07T21:38:55 EDT">
          <reporter-output>
          </reporter-output>
        </test-method> <!-- afterClass -->
      </class> <!-- com.dollardays.testcases.HomePageB4logintestcase -->
      <class name="com.dollardays.testcases.HomePageTestcaseTeam8">
        <test-method status="PASS" signature="beforeClass()[pri:0, instance:com.dollardays.testcases.HomePageTestcaseTeam8@35fc6dc4]" name="beforeClass" is-config="true" duration-ms="0" started-at="2020-10-07T21:44:49 EDT" finished-at="2020-10-07T21:44:49 EDT">
          <reporter-output>
          </reporter-output>
        </test-method> <!-- beforeClass -->
        <test-method status="PASS" signature="setUpBrowser()[pri:0, instance:com.dollardays.testcases.HomePageTestcaseTeam8@35fc6dc4]" name="setUpBrowser" is-config="true" duration-ms="10423" started-at="2020-10-07T21:44:49 EDT" finished-at="2020-10-07T21:44:59 EDT">
          <reporter-output>
          </reporter-output>
        </test-method> <!-- setUpBrowser -->
        <test-method status="PASS" signature="testBabyLink()[pri:0, instance:com.dollardays.testcases.HomePageTestcaseTeam8@35fc6dc4]" name="testBabyLink" duration-ms="3690" started-at="2020-10-07T21:44:59 EDT" finished-at="2020-10-07T21:45:03 EDT">
          <reporter-output>
          </reporter-output>
        </test-method> <!-- testBabyLink -->
        <test-method status="PASS" signature="quit()[pri:0, instance:com.dollardays.testcases.HomePageTestcaseTeam8@35fc6dc4]" name="quit" is-config="true" duration-ms="5166" started-at="2020-10-07T21:45:03 EDT" finished-at="2020-10-07T21:45:08 EDT">
          <reporter-output>
          </reporter-output>
        </test-method> <!-- quit -->
        <test-method status="PASS" signature="setUpBrowser()[pri:0, instance:com.dollardays.testcases.HomePageTestcaseTeam8@35fc6dc4]" name="setUpBrowser" is-config="true" duration-ms="11328" started-at="2020-10-07T21:45:08 EDT" finished-at="2020-10-07T21:45:19 EDT">
          <reporter-output>
          </reporter-output>
        </test-method> <!-- setUpBrowser -->
        <test-method status="PASS" signature="testBackpack()[pri:0, instance:com.dollardays.testcases.HomePageTestcaseTeam8@35fc6dc4]" name="testBackpack" duration-ms="4972" started-at="2020-10-07T21:45:19 EDT" finished-at="2020-10-07T21:45:24 EDT">
          <reporter-output>
          </reporter-output>
        </test-method> <!-- testBackpack -->
        <test-method status="PASS" signature="quit()[pri:0, instance:com.dollardays.testcases.HomePageTestcaseTeam8@35fc6dc4]" name="quit" is-config="true" duration-ms="5112" started-at="2020-10-07T21:45:24 EDT" finished-at="2020-10-07T21:45:29 EDT">
          <reporter-output>
          </reporter-output>
        </test-method> <!-- quit -->
        <test-method status="PASS" signature="setUpBrowser()[pri:0, instance:com.dollardays.testcases.HomePageTestcaseTeam8@35fc6dc4]" name="setUpBrowser" is-config="true" duration-ms="9825" started-at="2020-10-07T21:45:29 EDT" finished-at="2020-10-07T21:45:39 EDT">
          <reporter-output>
          </reporter-output>
        </test-method> <!-- setUpBrowser -->
        <test-method status="PASS" signature="testBigBoxSchoolSupplies(java.util.Map)[pri:0, instance:com.dollardays.testcases.HomePageTestcaseTeam8@35fc6dc4]" name="testBigBoxSchoolSupplies" duration-ms="11504" started-at="2020-10-07T21:45:39 EDT" data-provider="dd-dataprovider" finished-at="2020-10-07T21:45:51 EDT">
          <params>
            <param index="0">
              <value>
                <![CDATA[{TC_ID=1, usernme=srikanthtesting100@gmail.com, password=cGFzc3dvcmQxMjM=, runmode=Yes}]]>
              </value>
            </param>
          </params>
          <reporter-output>
          </reporter-output>
        </test-method> <!-- testBigBoxSchoolSupplies -->
        <test-method status="PASS" signature="quit()[pri:0, instance:com.dollardays.testcases.HomePageTestcaseTeam8@35fc6dc4]" name="quit" is-config="true" duration-ms="4888" started-at="2020-10-07T21:45:51 EDT" finished-at="2020-10-07T21:45:56 EDT">
          <reporter-output>
          </reporter-output>
        </test-method> <!-- quit -->
        <test-method status="PASS" signature="setUpBrowser()[pri:0, instance:com.dollardays.testcases.HomePageTestcaseTeam8@35fc6dc4]" name="setUpBrowser" is-config="true" duration-ms="10175" started-at="2020-10-07T21:45:56 EDT" finished-at="2020-10-07T21:46:06 EDT">
          <reporter-output>
          </reporter-output>
        </test-method> <!-- setUpBrowser -->
        <test-method status="PASS" signature="testBlankets()[pri:0, instance:com.dollardays.testcases.HomePageTestcaseTeam8@35fc6dc4]" name="testBlankets" duration-ms="3140" started-at="2020-10-07T21:46:06 EDT" finished-at="2020-10-07T21:46:09 EDT">
          <reporter-output>
          </reporter-output>
        </test-method> <!-- testBlankets -->
        <test-method status="PASS" signature="quit()[pri:0, instance:com.dollardays.testcases.HomePageTestcaseTeam8@35fc6dc4]" name="quit" is-config="true" duration-ms="1916" started-at="2020-10-07T21:46:09 EDT" finished-at="2020-10-07T21:46:11 EDT">
          <reporter-output>
          </reporter-output>
        </test-method> <!-- quit -->
        <test-method status="PASS" signature="setUpBrowser()[pri:0, instance:com.dollardays.testcases.HomePageTestcaseTeam8@35fc6dc4]" name="setUpBrowser" is-config="true" duration-ms="11822" started-at="2020-10-07T21:46:11 EDT" finished-at="2020-10-07T21:46:23 EDT">
          <reporter-output>
          </reporter-output>
        </test-method> <!-- setUpBrowser -->
        <test-method status="PASS" signature="testCleaningSupplies()[pri:0, instance:com.dollardays.testcases.HomePageTestcaseTeam8@35fc6dc4]" name="testCleaningSupplies" duration-ms="3530" started-at="2020-10-07T21:46:23 EDT" finished-at="2020-10-07T21:46:26 EDT">
          <reporter-output>
          </reporter-output>
        </test-method> <!-- testCleaningSupplies -->
        <test-method status="PASS" signature="quit()[pri:0, instance:com.dollardays.testcases.HomePageTestcaseTeam8@35fc6dc4]" name="quit" is-config="true" duration-ms="1037" started-at="2020-10-07T21:46:26 EDT" finished-at="2020-10-07T21:46:27 EDT">
          <reporter-output>
          </reporter-output>
        </test-method> <!-- quit -->
        <test-method status="PASS" signature="setUpBrowser()[pri:0, instance:com.dollardays.testcases.HomePageTestcaseTeam8@35fc6dc4]" name="setUpBrowser" is-config="true" duration-ms="10452" started-at="2020-10-07T21:46:27 EDT" finished-at="2020-10-07T21:46:38 EDT">
          <reporter-output>
          </reporter-output>
        </test-method> <!-- setUpBrowser -->
        <test-method status="PASS" signature="testElectronics()[pri:0, instance:com.dollardays.testcases.HomePageTestcaseTeam8@35fc6dc4]" name="testElectronics" duration-ms="3823" started-at="2020-10-07T21:46:38 EDT" finished-at="2020-10-07T21:46:41 EDT">
          <reporter-output>
          </reporter-output>
        </test-method> <!-- testElectronics -->
        <test-method status="PASS" signature="quit()[pri:0, instance:com.dollardays.testcases.HomePageTestcaseTeam8@35fc6dc4]" name="quit" is-config="true" duration-ms="995" started-at="2020-10-07T21:46:41 EDT" finished-at="2020-10-07T21:46:42 EDT">
          <reporter-output>
          </reporter-output>
        </test-method> <!-- quit -->
        <test-method status="PASS" signature="setUpBrowser()[pri:0, instance:com.dollardays.testcases.HomePageTestcaseTeam8@35fc6dc4]" name="setUpBrowser" is-config="true" duration-ms="9754" started-at="2020-10-07T21:46:42 EDT" finished-at="2020-10-07T21:46:52 EDT">
          <reporter-output>
          </reporter-output>
        </test-method> <!-- setUpBrowser -->
        <test-method status="PASS" signature="testFirstAid()[pri:0, instance:com.dollardays.testcases.HomePageTestcaseTeam8@35fc6dc4]" name="testFirstAid" duration-ms="3637" started-at="2020-10-07T21:46:52 EDT" finished-at="2020-10-07T21:46:56 EDT">
          <reporter-output>
          </reporter-output>
        </test-method> <!-- testFirstAid -->
        <test-method status="PASS" signature="quit()[pri:0, instance:com.dollardays.testcases.HomePageTestcaseTeam8@35fc6dc4]" name="quit" is-config="true" duration-ms="4937" started-at="2020-10-07T21:46:56 EDT" finished-at="2020-10-07T21:47:01 EDT">
          <reporter-output>
          </reporter-output>
        </test-method> <!-- quit -->
        <test-method status="PASS" signature="setUpBrowser()[pri:0, instance:com.dollardays.testcases.HomePageTestcaseTeam8@35fc6dc4]" name="setUpBrowser" is-config="true" duration-ms="10380" started-at="2020-10-07T21:47:01 EDT" finished-at="2020-10-07T21:47:11 EDT">
          <reporter-output>
          </reporter-output>
        </test-method> <!-- setUpBrowser -->
        <test-method status="PASS" signature="testFlipFlops()[pri:0, instance:com.dollardays.testcases.HomePageTestcaseTeam8@35fc6dc4]" name="testFlipFlops" duration-ms="4271" started-at="2020-10-07T21:47:11 EDT" finished-at="2020-10-07T21:47:15 EDT">
          <reporter-output>
          </reporter-output>
        </test-method> <!-- testFlipFlops -->
        <test-method status="PASS" signature="quit()[pri:0, instance:com.dollardays.testcases.HomePageTestcaseTeam8@35fc6dc4]" name="quit" is-config="true" duration-ms="5124" started-at="2020-10-07T21:47:15 EDT" finished-at="2020-10-07T21:47:21 EDT">
          <reporter-output>
          </reporter-output>
        </test-method> <!-- quit -->
        <test-method status="PASS" signature="setUpBrowser()[pri:0, instance:com.dollardays.testcases.HomePageTestcaseTeam8@35fc6dc4]" name="setUpBrowser" is-config="true" duration-ms="10345" started-at="2020-10-07T21:47:21 EDT" finished-at="2020-10-07T21:47:31 EDT">
          <reporter-output>
          </reporter-output>
        </test-method> <!-- setUpBrowser -->
        <test-method status="PASS" signature="testFood()[pri:0, instance:com.dollardays.testcases.HomePageTestcaseTeam8@35fc6dc4]" name="testFood" duration-ms="4060" started-at="2020-10-07T21:47:31 EDT" finished-at="2020-10-07T21:47:35 EDT">
          <reporter-output>
          </reporter-output>
        </test-method> <!-- testFood -->
        <test-method status="PASS" signature="quit()[pri:0, instance:com.dollardays.testcases.HomePageTestcaseTeam8@35fc6dc4]" name="quit" is-config="true" duration-ms="5340" started-at="2020-10-07T21:47:35 EDT" finished-at="2020-10-07T21:47:40 EDT">
          <reporter-output>
          </reporter-output>
        </test-method> <!-- quit -->
        <test-method status="PASS" signature="setUpBrowser()[pri:0, instance:com.dollardays.testcases.HomePageTestcaseTeam8@35fc6dc4]" name="setUpBrowser" is-config="true" duration-ms="11064" started-at="2020-10-07T21:47:40 EDT" finished-at="2020-10-07T21:47:51 EDT">
          <reporter-output>
          </reporter-output>
        </test-method> <!-- setUpBrowser -->
        <test-method status="PASS" signature="testForwardBackpacks()[pri:0, instance:com.dollardays.testcases.HomePageTestcaseTeam8@35fc6dc4]" name="testForwardBackpacks" duration-ms="2552" started-at="2020-10-07T21:47:51 EDT" finished-at="2020-10-07T21:47:54 EDT">
          <reporter-output>
          </reporter-output>
        </test-method> <!-- testForwardBackpacks -->
        <test-method status="PASS" signature="quit()[pri:0, instance:com.dollardays.testcases.HomePageTestcaseTeam8@35fc6dc4]" name="quit" is-config="true" duration-ms="6038" started-at="2020-10-07T21:47:54 EDT" finished-at="2020-10-07T21:48:00 EDT">
          <reporter-output>
          </reporter-output>
        </test-method> <!-- quit -->
        <test-method status="PASS" signature="setUpBrowser()[pri:0, instance:com.dollardays.testcases.HomePageTestcaseTeam8@35fc6dc4]" name="setUpBrowser" is-config="true" duration-ms="11189" started-at="2020-10-07T21:48:00 EDT" finished-at="2020-10-07T21:48:11 EDT">
          <reporter-output>
          </reporter-output>
        </test-method> <!-- setUpBrowser -->
        <test-method status="PASS" signature="testHygieneKits()[pri:0, instance:com.dollardays.testcases.HomePageTestcaseTeam8@35fc6dc4]" name="testHygieneKits" duration-ms="4121" started-at="2020-10-07T21:48:11 EDT" finished-at="2020-10-07T21:48:15 EDT">
          <reporter-output>
          </reporter-output>
        </test-method> <!-- testHygieneKits -->
        <test-method status="PASS" signature="quit()[pri:0, instance:com.dollardays.testcases.HomePageTestcaseTeam8@35fc6dc4]" name="quit" is-config="true" duration-ms="5101" started-at="2020-10-07T21:48:15 EDT" finished-at="2020-10-07T21:48:20 EDT">
          <reporter-output>
          </reporter-output>
        </test-method> <!-- quit -->
        <test-method status="PASS" signature="setUpBrowser()[pri:0, instance:com.dollardays.testcases.HomePageTestcaseTeam8@35fc6dc4]" name="setUpBrowser" is-config="true" duration-ms="9824" started-at="2020-10-07T21:48:20 EDT" finished-at="2020-10-07T21:48:30 EDT">
          <reporter-output>
          </reporter-output>
        </test-method> <!-- setUpBrowser -->
        <test-method status="PASS" signature="testKidsClothing()[pri:0, instance:com.dollardays.testcases.HomePageTestcaseTeam8@35fc6dc4]" name="testKidsClothing" duration-ms="3902" started-at="2020-10-07T21:48:30 EDT" finished-at="2020-10-07T21:48:34 EDT">
          <reporter-output>
          </reporter-output>
        </test-method> <!-- testKidsClothing -->
        <test-method status="PASS" signature="quit()[pri:0, instance:com.dollardays.testcases.HomePageTestcaseTeam8@35fc6dc4]" name="quit" is-config="true" duration-ms="5098" started-at="2020-10-07T21:48:34 EDT" finished-at="2020-10-07T21:48:39 EDT">
          <reporter-output>
          </reporter-output>
        </test-method> <!-- quit -->
        <test-method status="PASS" signature="setUpBrowser()[pri:0, instance:com.dollardays.testcases.HomePageTestcaseTeam8@35fc6dc4]" name="setUpBrowser" is-config="true" duration-ms="11032" started-at="2020-10-07T21:48:39 EDT" finished-at="2020-10-07T21:48:50 EDT">
          <reporter-output>
          </reporter-output>
        </test-method> <!-- setUpBrowser -->
        <test-method status="FAIL" signature="testKitchenDining()[pri:0, instance:com.dollardays.testcases.HomePageTestcaseTeam8@35fc6dc4]" name="testKitchenDining" duration-ms="2177" started-at="2020-10-07T21:48:50 EDT" finished-at="2020-10-07T21:48:52 EDT">
          <exception class="org.openqa.selenium.WebDriverException">
            <message>
              <![CDATA[element click intercepted: Element <img data-original="//dollardays.imgix.net/icons/home/20200717/20200330_home_page_redesign_47.jpg?auto=compress,format" alt="Kitchen + Dining" title="Kitchen + Dining" class="lazy" src="data:image/png;base64,iVBORw0KGgoAAAANSUhEUgAAAAEAAAABCAYAAAAfFcSJAAAAAXNSR0IArs4c6QAAAARnQU1BAACxjwv8YQUAAAAJcEhZcwAADsQAAA7EAZUrDhsAAAANSURBVBhXYzh8+PB/AAffA0nNPuCLAAAAAElFTkSuQmCC"> is not clickable at point (1111, 540). Other element would receive the click: <div class="privacy-policyis-sticky is-stickys">...</div>
  (Session info: chrome=85.0.4183.121)
  (Driver info: chromedriver=85.0.4183.87 (cd6713ebf92fa1cacc0f1a598df280093af0c5d7-refs/branch-heads/4183@{#1689}),platform=Windows NT 10.0.18362 x86_64) (WARNING: The server did not provide any stacktrace information)
Command duration or timeout: 1.13 seconds
Build info: version: '2.53.1', revision: 'a36b8b1cd5757287168e54b817830adce9b0158d', time: '2016-06-30 19:26:09'
System info: host: 'MININT-UM25UFB', ip: '10.0.75.1', os.name: 'Windows 10', os.arch: 'amd64', os.version: '10.0', java.version: '1.8.0_261'
Driver info: org.openqa.selenium.chrome.ChromeDriver
Capabilities [{mobileEmulationEnabled=false, timeouts={implicit=0, pageLoad=300000, script=30000}, hasTouchScreen=false, platform=XP, acceptSslCerts=false, goog:chromeOptions={debuggerAddress=localhost:51019}, acceptInsecureCerts=false, webStorageEnabled=true, browserName=chrome, takesScreenshot=true, javascriptEnabled=true, setWindowRect=true, unexpectedAlertBehaviour=ignore, applicationCacheEnabled=false, rotatable=false, networkConnectionEnabled=false, chrome={chromedriverVersion=85.0.4183.87 (cd6713ebf92fa1cacc0f1a598df280093af0c5d7-refs/branch-heads/4183@{#1689}), userDataDir=C:\Users\Rajesh\AppData\Local\Temp\scoped_dir21580_706659214}, takesHeapSnapshot=true, pageLoadStrategy=normal, strictFileInteractability=false, databaseEnabled=false, handlesAlerts=true, version=85.0.4183.121, browserConnectionEnabled=false, proxy={}, nativeEvents=true, locationContextEnabled=true, cssSelectorsEnabled=true, webauthn:virtualAuthenticators=true}]
Session ID: 66eda17b22fd22db6feeb87a82f74180]]>
            </message>
            <full-stacktrace>
              <![CDATA[org.openqa.selenium.WebDriverException: element click intercepted: Element <img data-original="//dollardays.imgix.net/icons/home/20200717/20200330_home_page_redesign_47.jpg?auto=compress,format" alt="Kitchen + Dining" title="Kitchen + Dining" class="lazy" src="data:image/png;base64,iVBORw0KGgoAAAANSUhEUgAAAAEAAAABCAYAAAAfFcSJAAAAAXNSR0IArs4c6QAAAARnQU1BAACxjwv8YQUAAAAJcEhZcwAADsQAAA7EAZUrDhsAAAANSURBVBhXYzh8+PB/AAffA0nNPuCLAAAAAElFTkSuQmCC"> is not clickable at point (1111, 540). Other element would receive the click: <div class="privacy-policyis-sticky is-stickys">...</div>
  (Session info: chrome=85.0.4183.121)
  (Driver info: chromedriver=85.0.4183.87 (cd6713ebf92fa1cacc0f1a598df280093af0c5d7-refs/branch-heads/4183@{#1689}),platform=Windows NT 10.0.18362 x86_64) (WARNING: The server did not provide any stacktrace information)
Command duration or timeout: 1.13 seconds
Build info: version: '2.53.1', revision: 'a36b8b1cd5757287168e54b817830adce9b0158d', time: '2016-06-30 19:26:09'
System info: host: 'MININT-UM25UFB', ip: '10.0.75.1', os.name: 'Windows 10', os.arch: 'amd64', os.version: '10.0', java.version: '1.8.0_261'
Driver info: org.openqa.selenium.chrome.ChromeDriver
Capabilities [{mobileEmulationEnabled=false, timeouts={implicit=0, pageLoad=300000, script=30000}, hasTouchScreen=false, platform=XP, acceptSslCerts=false, goog:chromeOptions={debuggerAddress=localhost:51019}, acceptInsecureCerts=false, webStorageEnabled=true, browserName=chrome, takesScreenshot=true, javascriptEnabled=true, setWindowRect=true, unexpectedAlertBehaviour=ignore, applicationCacheEnabled=false, rotatable=false, networkConnectionEnabled=false, chrome={chromedriverVersion=85.0.4183.87 (cd6713ebf92fa1cacc0f1a598df280093af0c5d7-refs/branch-heads/4183@{#1689}), userDataDir=C:\Users\Rajesh\AppData\Local\Temp\scoped_dir21580_706659214}, takesHeapSnapshot=true, pageLoadStrategy=normal, strictFileInteractability=false, databaseEnabled=false, handlesAlerts=true, version=85.0.4183.121, browserConnectionEnabled=false, proxy={}, nativeEvents=true, locationContextEnabled=true, cssSelectorsEnabled=true, webauthn:virtualAuthenticators=true}]
Session ID: 66eda17b22fd22db6feeb87a82f74180
at sun.reflect.NativeConstructorAccessorImpl.newInstance0(Native Method)
at sun.reflect.NativeConstructorAccessorImpl.newInstance(NativeConstructorAccessorImpl.java:62)
at sun.reflect.DelegatingConstructorAccessorImpl.newInstance(DelegatingConstructorAccessorImpl.java:45)
at java.lang.reflect.Constructor.newInstance(Constructor.java:423)
at org.openqa.selenium.remote.ErrorHandler.createThrowable(ErrorHandler.java:206)
at org.openqa.selenium.remote.ErrorHandler.throwIfResponseFailed(ErrorHandler.java:158)
at org.openqa.selenium.remote.RemoteWebDriver.execute(RemoteWebDriver.java:678)
at org.openqa.selenium.remote.RemoteWebElement.execute(RemoteWebElement.java:327)
at org.openqa.selenium.remote.RemoteWebElement.click(RemoteWebElement.java:85)
at sun.reflect.GeneratedMethodAccessor1.invoke(Unknown Source)
at sun.reflect.DelegatingMethodAccessorImpl.invoke(DelegatingMethodAccessorImpl.java:43)
at java.lang.reflect.Method.invoke(Method.java:498)
at org.openqa.selenium.support.pagefactory.internal.LocatingElementHandler.invoke(LocatingElementHandler.java:51)
at com.sun.proxy.$Proxy10.click(Unknown Source)
at com.dollardays.testcases.HomePageTestcaseTeam8.testKitchenDining(HomePageTestcaseTeam8.java:313)
at sun.reflect.NativeMethodAccessorImpl.invoke0(Native Method)
at sun.reflect.NativeMethodAccessorImpl.invoke(NativeMethodAccessorImpl.java:62)
at sun.reflect.DelegatingMethodAccessorImpl.invoke(DelegatingMethodAccessorImpl.java:43)
at java.lang.reflect.Method.invoke(Method.java:498)
at org.testng.internal.MethodInvocationHelper.invokeMethod(MethodInvocationHelper.java:132)
at org.testng.internal.TestInvoker.invokeMethod(TestInvoker.java:599)
at org.testng.internal.TestInvoker.invokeTestMethod(TestInvoker.java:174)
at org.testng.internal.MethodRunner.runInSequence(MethodRunner.java:46)
at org.testng.internal.TestInvoker$MethodInvocationAgent.invoke(TestInvoker.java:822)
at org.testng.internal.TestInvoker.invokeTestMethods(TestInvoker.java:147)
at org.testng.internal.TestMethodWorker.invokeTestMethods(TestMethodWorker.java:146)
at org.testng.internal.TestMethodWorker.run(TestMethodWorker.java:128)
at java.util.ArrayList.forEach(ArrayList.java:1259)
at org.testng.TestRunner.privateRun(TestRunner.java:764)
at org.testng.TestRunner.run(TestRunner.java:585)
at org.testng.SuiteRunner.runTest(SuiteRunner.java:384)
at org.testng.SuiteRunner.runSequentially(SuiteRunner.java:378)
at org.testng.SuiteRunner.privateRun(SuiteRunner.java:337)
at org.testng.SuiteRunner.run(SuiteRunner.java:286)
at org.testng.SuiteRunnerWorker.runSuite(SuiteRunnerWorker.java:53)
at org.testng.SuiteRunnerWorker.run(SuiteRunnerWorker.java:96)
at org.testng.TestNG.runSuitesSequentially(TestNG.java:1218)
at org.testng.TestNG.runSuitesLocally(TestNG.java:1140)
at org.testng.TestNG.runSuites(TestNG.java:1069)
at org.testng.TestNG.run(TestNG.java:1037)
at org.testng.remote.AbstractRemoteTestNG.run(AbstractRemoteTestNG.java:115)
at org.testng.remote.RemoteTestNG.initAndRun(RemoteTestNG.java:251)
at org.testng.remote.RemoteTestNG.main(RemoteTestNG.java:77)
]]>
            </full-stacktrace>
          </exception> <!-- org.openqa.selenium.WebDriverException -->
          <reporter-output>
          </reporter-output>
        </test-method> <!-- testKitchenDining -->
        <test-method status="PASS" signature="quit()[pri:0, instance:com.dollardays.testcases.HomePageTestcaseTeam8@35fc6dc4]" name="quit" is-config="true" duration-ms="5079" started-at="2020-10-07T21:48:52 EDT" finished-at="2020-10-07T21:48:57 EDT">
          <reporter-output>
          </reporter-output>
        </test-method> <!-- quit -->
        <test-method status="PASS" signature="setUpBrowser()[pri:0, instance:com.dollardays.testcases.HomePageTestcaseTeam8@35fc6dc4]" name="setUpBrowser" is-config="true" duration-ms="9436" started-at="2020-10-07T21:48:57 EDT" finished-at="2020-10-07T21:49:07 EDT">
          <reporter-output>
          </reporter-output>
        </test-method> <!-- setUpBrowser -->
        <test-method status="PASS" signature="testMedicine()[pri:0, instance:com.dollardays.testcases.HomePageTestcaseTeam8@35fc6dc4]" name="testMedicine" duration-ms="3720" started-at="2020-10-07T21:49:07 EDT" finished-at="2020-10-07T21:49:11 EDT">
          <reporter-output>
          </reporter-output>
        </test-method> <!-- testMedicine -->
        <test-method status="PASS" signature="quit()[pri:0, instance:com.dollardays.testcases.HomePageTestcaseTeam8@35fc6dc4]" name="quit" is-config="true" duration-ms="1038" started-at="2020-10-07T21:49:11 EDT" finished-at="2020-10-07T21:49:12 EDT">
          <reporter-output>
          </reporter-output>
        </test-method> <!-- quit -->
        <test-method status="PASS" signature="setUpBrowser()[pri:0, instance:com.dollardays.testcases.HomePageTestcaseTeam8@35fc6dc4]" name="setUpBrowser" is-config="true" duration-ms="9925" started-at="2020-10-07T21:49:12 EDT" finished-at="2020-10-07T21:49:22 EDT">
          <reporter-output>
          </reporter-output>
        </test-method> <!-- setUpBrowser -->
        <test-method status="PASS" signature="testOralCare()[pri:0, instance:com.dollardays.testcases.HomePageTestcaseTeam8@35fc6dc4]" name="testOralCare" duration-ms="5199" started-at="2020-10-07T21:49:22 EDT" finished-at="2020-10-07T21:49:27 EDT">
          <reporter-output>
          </reporter-output>
        </test-method> <!-- testOralCare -->
        <test-method status="PASS" signature="quit()[pri:0, instance:com.dollardays.testcases.HomePageTestcaseTeam8@35fc6dc4]" name="quit" is-config="true" duration-ms="5092" started-at="2020-10-07T21:49:27 EDT" finished-at="2020-10-07T21:49:32 EDT">
          <reporter-output>
          </reporter-output>
        </test-method> <!-- quit -->
        <test-method status="PASS" signature="setUpBrowser()[pri:0, instance:com.dollardays.testcases.HomePageTestcaseTeam8@35fc6dc4]" name="setUpBrowser" is-config="true" duration-ms="11647" started-at="2020-10-07T21:49:32 EDT" finished-at="2020-10-07T21:49:44 EDT">
          <reporter-output>
          </reporter-output>
        </test-method> <!-- setUpBrowser -->
        <test-method status="PASS" signature="testPPEGear()[pri:0, instance:com.dollardays.testcases.HomePageTestcaseTeam8@35fc6dc4]" name="testPPEGear" duration-ms="2990" started-at="2020-10-07T21:49:44 EDT" finished-at="2020-10-07T21:49:46 EDT">
          <reporter-output>
          </reporter-output>
        </test-method> <!-- testPPEGear -->
        <test-method status="PASS" signature="quit()[pri:0, instance:com.dollardays.testcases.HomePageTestcaseTeam8@35fc6dc4]" name="quit" is-config="true" duration-ms="899" started-at="2020-10-07T21:49:46 EDT" finished-at="2020-10-07T21:49:47 EDT">
          <reporter-output>
          </reporter-output>
        </test-method> <!-- quit -->
        <test-method status="PASS" signature="setUpBrowser()[pri:0, instance:com.dollardays.testcases.HomePageTestcaseTeam8@35fc6dc4]" name="setUpBrowser" is-config="true" duration-ms="11508" started-at="2020-10-07T21:49:47 EDT" finished-at="2020-10-07T21:49:59 EDT">
          <reporter-output>
          </reporter-output>
        </test-method> <!-- setUpBrowser -->
        <test-method status="PASS" signature="testSchoolSupplies()[pri:0, instance:com.dollardays.testcases.HomePageTestcaseTeam8@35fc6dc4]" name="testSchoolSupplies" duration-ms="2605" started-at="2020-10-07T21:49:59 EDT" finished-at="2020-10-07T21:50:02 EDT">
          <reporter-output>
          </reporter-output>
        </test-method> <!-- testSchoolSupplies -->
        <test-method status="PASS" signature="quit()[pri:0, instance:com.dollardays.testcases.HomePageTestcaseTeam8@35fc6dc4]" name="quit" is-config="true" duration-ms="993" started-at="2020-10-07T21:50:02 EDT" finished-at="2020-10-07T21:50:02 EDT">
          <reporter-output>
          </reporter-output>
        </test-method> <!-- quit -->
        <test-method status="PASS" signature="setUpBrowser()[pri:0, instance:com.dollardays.testcases.HomePageTestcaseTeam8@35fc6dc4]" name="setUpBrowser" is-config="true" duration-ms="10469" started-at="2020-10-07T21:50:03 EDT" finished-at="2020-10-07T21:50:13 EDT">
          <reporter-output>
          </reporter-output>
        </test-method> <!-- setUpBrowser -->
        <test-method status="PASS" signature="testShoes()[pri:0, instance:com.dollardays.testcases.HomePageTestcaseTeam8@35fc6dc4]" name="testShoes" duration-ms="3580" started-at="2020-10-07T21:50:13 EDT" finished-at="2020-10-07T21:50:17 EDT">
          <reporter-output>
          </reporter-output>
        </test-method> <!-- testShoes -->
        <test-method status="PASS" signature="quit()[pri:0, instance:com.dollardays.testcases.HomePageTestcaseTeam8@35fc6dc4]" name="quit" is-config="true" duration-ms="5247" started-at="2020-10-07T21:50:17 EDT" finished-at="2020-10-07T21:50:22 EDT">
          <reporter-output>
          </reporter-output>
        </test-method> <!-- quit -->
        <test-method status="PASS" signature="setUpBrowser()[pri:0, instance:com.dollardays.testcases.HomePageTestcaseTeam8@35fc6dc4]" name="setUpBrowser" is-config="true" duration-ms="11289" started-at="2020-10-07T21:50:22 EDT" finished-at="2020-10-07T21:50:33 EDT">
          <reporter-output>
          </reporter-output>
        </test-method> <!-- setUpBrowser -->
        <test-method status="PASS" signature="testToysGames()[pri:0, instance:com.dollardays.testcases.HomePageTestcaseTeam8@35fc6dc4]" name="testToysGames" duration-ms="4087" started-at="2020-10-07T21:50:33 EDT" finished-at="2020-10-07T21:50:37 EDT">
          <reporter-output>
          </reporter-output>
        </test-method> <!-- testToysGames -->
        <test-method status="PASS" signature="quit()[pri:0, instance:com.dollardays.testcases.HomePageTestcaseTeam8@35fc6dc4]" name="quit" is-config="true" duration-ms="5164" started-at="2020-10-07T21:50:37 EDT" finished-at="2020-10-07T21:50:42 EDT">
          <reporter-output>
          </reporter-output>
        </test-method> <!-- quit -->
        <test-method status="PASS" signature="setUpBrowser()[pri:0, instance:com.dollardays.testcases.HomePageTestcaseTeam8@35fc6dc4]" name="setUpBrowser" is-config="true" duration-ms="11579" started-at="2020-10-07T21:50:42 EDT" finished-at="2020-10-07T21:50:54 EDT">
          <reporter-output>
          </reporter-output>
        </test-method> <!-- setUpBrowser -->
        <test-method status="PASS" signature="tetsTravelSize()[pri:0, instance:com.dollardays.testcases.HomePageTestcaseTeam8@35fc6dc4]" name="tetsTravelSize" duration-ms="3188" started-at="2020-10-07T21:50:54 EDT" finished-at="2020-10-07T21:50:57 EDT">
          <reporter-output>
          </reporter-output>
        </test-method> <!-- tetsTravelSize -->
        <test-method status="PASS" signature="quit()[pri:0, instance:com.dollardays.testcases.HomePageTestcaseTeam8@35fc6dc4]" name="quit" is-config="true" duration-ms="5080" started-at="2020-10-07T21:50:57 EDT" finished-at="2020-10-07T21:51:02 EDT">
          <reporter-output>
          </reporter-output>
        </test-method> <!-- quit -->
        <test-method status="PASS" signature="afterClass()[pri:0, instance:com.dollardays.testcases.HomePageTestcaseTeam8@35fc6dc4]" name="afterClass" is-config="true" duration-ms="0" started-at="2020-10-07T21:51:02 EDT" finished-at="2020-10-07T21:51:02 EDT">
          <reporter-output>
          </reporter-output>
        </test-method> <!-- afterClass -->
      </class> <!-- com.dollardays.testcases.HomePageTestcaseTeam8 -->
    </test> <!-- Dollar Days Test -->
  </suite> <!-- Suite -->
</testng-results>
