<?xml version="1.0" encoding="UTF-8"?>
<!-- Generated by org.testng.reporters.JUnitReportReporter -->
<testsuite skipped="0" hostname="MININT-UM25UFB" name="com.dollardays.testcases.HomePageTestcaseTeam8" tests="20" failures="0" timestamp="2020-10-07T21:51:03 EDT" time="373.558" errors="1">
  <testcase name="testElectronics" time="20.562" classname="com.dollardays.testcases.HomePageTestcaseTeam8"/>
  <system-out/>
  <testcase name="testCleaningSupplies" time="19.798" classname="com.dollardays.testcases.HomePageTestcaseTeam8"/>
  <system-out/>
  <testcase name="testKitchenDining" time="17.812" classname="com.dollardays.testcases.HomePageTestcaseTeam8">
    <error type="org.openqa.selenium.WebDriverException" message="element click intercepted: Element &lt;img data-original=&quot;//dollardays.imgix.net/icons/home/20200717/20200330_home_page_redesign_47.jpg?auto=compress,format&quot; alt=&quot;Kitchen + Dining&quot; title=&quot;Kitchen + Dining&quot; class=&quot;lazy&quot; src=&quot;data:image/png;base64,iVBORw0KGgoAAAANSUhEUgAAAAEAAAABCAYAAAAfFcSJAAAAAXNSR0IArs4c6QAAAARnQU1BAACxjwv8YQUAAAAJcEhZcwAADsQAAA7EAZUrDhsAAAANSURBVBhXYzh8+PB/AAffA0nNPuCLAAAAAElFTkSuQmCC&quot;&gt; is not clickable at point (1111, 540). Other element would receive the click: &lt;div class=&quot;privacy-policyis-sticky is-stickys&quot;&gt;...&lt;/div&gt;
  (Session info: chrome=85.0.4183.121)
  (Driver info: chromedriver=85.0.4183.87 (cd6713ebf92fa1cacc0f1a598df280093af0c5d7-refs/branch-heads/4183@{#1689}),platform=Windows NT 10.0.18362 x86_64) (WARNING: The server did not provide any stacktrace information)
Command duration or timeout: 1.13 seconds
Build info: version: &#039;2.53.1&#039;, revision: &#039;a36b8b1cd5757287168e54b817830adce9b0158d&#039;, time: &#039;2016-06-30 19:26:09&#039;
System info: host: &#039;MININT-UM25UFB&#039;, ip: &#039;10.0.75.1&#039;, os.name: &#039;Windows 10&#039;, os.arch: &#039;amd64&#039;, os.version: &#039;10.0&#039;, java.version: &#039;1.8.0_261&#039;
Driver info: org.openqa.selenium.chrome.ChromeDriver
Capabilities [{mobileEmulationEnabled=false, timeouts={implicit=0, pageLoad=300000, script=30000}, hasTouchScreen=false, platform=XP, acceptSslCerts=false, goog:chromeOptions={debuggerAddress=localhost:51019}, acceptInsecureCerts=false, webStorageEnabled=true, browserName=chrome, takesScreenshot=true, javascriptEnabled=true, setWindowRect=true, unexpectedAlertBehaviour=ignore, applicationCacheEnabled=false, rotatable=false, networkConnectionEnabled=false, chrome={chromedriverVersion=85.0.4183.87 (cd6713ebf92fa1cacc0f1a598df280093af0c5d7-refs/branch-heads/4183@{#1689}), userDataDir=C:\Users\Rajesh\AppData\Local\Temp\scoped_dir21580_706659214}, takesHeapSnapshot=true, pageLoadStrategy=normal, strictFileInteractability=false, databaseEnabled=false, handlesAlerts=true, version=85.0.4183.121, browserConnectionEnabled=false, proxy={}, nativeEvents=true, locationContextEnabled=true, cssSelectorsEnabled=true, webauthn:virtualAuthenticators=true}]
Session ID: 66eda17b22fd22db6feeb87a82f74180">
      <![CDATA[org.openqa.selenium.WebDriverException: element click intercepted: Element <img data-original="//dollardays.imgix.net/icons/home/20200717/20200330_home_page_redesign_47.jpg?auto=compress,format" alt="Kitchen + Dining" title="Kitchen + Dining" class="lazy" src="data:image/png;base64,iVBORw0KGgoAAAANSUhEUgAAAAEAAAABCAYAAAAfFcSJAAAAAXNSR0IArs4c6QAAAARnQU1BAACxjwv8YQUAAAAJcEhZcwAADsQAAA7EAZUrDhsAAAANSURBVBhXYzh8+PB/AAffA0nNPuCLAAAAAElFTkSuQmCC"> is not clickable at point (1111, 540). Other element would receive the click: <div class="privacy-policyis-sticky is-stickys">...</div>
  (Session info: chrome=85.0.4183.121)
  (Driver info: chromedriver=85.0.4183.87 (cd6713ebf92fa1cacc0f1a598df280093af0c5d7-refs/branch-heads/4183@{#1689}),platform=Windows NT 10.0.18362 x86_64) (WARNING: The server did not provide any stacktrace information)
Command duration or timeout: 1.13 seconds
Build info: version: '2.53.1', revision: 'a36b8b1cd5757287168e54b817830adce9b0158d', time: '2016-06-30 19:26:09'
System info: host: 'MININT-UM25UFB', ip: '10.0.75.1', os.name: 'Windows 10', os.arch: 'amd64', os.version: '10.0', java.version: '1.8.0_261'
Driver info: org.openqa.selenium.chrome.ChromeDriver
Capabilities [{mobileEmulationEnabled=false, timeouts={implicit=0, pageLoad=300000, script=30000}, hasTouchScreen=false, platform=XP, acceptSslCerts=false, goog:chromeOptions={debuggerAddress=localhost:51019}, acceptInsecureCerts=false, webStorageEnabled=true, browserName=chrome, takesScreenshot=true, javascriptEnabled=true, setWindowRect=true, unexpectedAlertBehaviour=ignore, applicationCacheEnabled=false, rotatable=false, networkConnectionEnabled=false, chrome={chromedriverVersion=85.0.4183.87 (cd6713ebf92fa1cacc0f1a598df280093af0c5d7-refs/branch-heads/4183@{#1689}), userDataDir=C:\Users\Rajesh\AppData\Local\Temp\scoped_dir21580_706659214}, takesHeapSnapshot=true, pageLoadStrategy=normal, strictFileInteractability=false, databaseEnabled=false, handlesAlerts=true, version=85.0.4183.121, browserConnectionEnabled=false, proxy={}, nativeEvents=true, locationContextEnabled=true, cssSelectorsEnabled=true, webauthn:virtualAuthenticators=true}]
Session ID: 66eda17b22fd22db6feeb87a82f74180
at sun.reflect.NativeConstructorAccessorImpl.newInstance0(Native Method)
at sun.reflect.NativeConstructorAccessorImpl.newInstance(NativeConstructorAccessorImpl.java:62)
at sun.reflect.DelegatingConstructorAccessorImpl.newInstance(DelegatingConstructorAccessorImpl.java:45)
at java.lang.reflect.Constructor.newInstance(Constructor.java:423)
at org.openqa.selenium.remote.ErrorHandler.createThrowable(ErrorHandler.java:206)
at org.openqa.selenium.remote.ErrorHandler.throwIfResponseFailed(ErrorHandler.java:158)
at org.openqa.selenium.remote.RemoteWebDriver.execute(RemoteWebDriver.java:678)
at org.openqa.selenium.remote.RemoteWebElement.execute(RemoteWebElement.java:327)
at org.openqa.selenium.remote.RemoteWebElement.click(RemoteWebElement.java:85)
at sun.reflect.GeneratedMethodAccessor1.invoke(Unknown Source)
at sun.reflect.DelegatingMethodAccessorImpl.invoke(DelegatingMethodAccessorImpl.java:43)
at java.lang.reflect.Method.invoke(Method.java:498)
at org.openqa.selenium.support.pagefactory.internal.LocatingElementHandler.invoke(LocatingElementHandler.java:51)
at com.sun.proxy.$Proxy10.click(Unknown Source)
at com.dollardays.testcases.HomePageTestcaseTeam8.testKitchenDining(HomePageTestcaseTeam8.java:313)
at sun.reflect.NativeMethodAccessorImpl.invoke0(Native Method)
at sun.reflect.NativeMethodAccessorImpl.invoke(NativeMethodAccessorImpl.java:62)
at sun.reflect.DelegatingMethodAccessorImpl.invoke(DelegatingMethodAccessorImpl.java:43)
at java.lang.reflect.Method.invoke(Method.java:498)
at org.testng.internal.MethodInvocationHelper.invokeMethod(MethodInvocationHelper.java:132)
at org.testng.internal.TestInvoker.invokeMethod(TestInvoker.java:599)
at org.testng.internal.TestInvoker.invokeTestMethod(TestInvoker.java:174)
at org.testng.internal.MethodRunner.runInSequence(MethodRunner.java:46)
at org.testng.internal.TestInvoker$MethodInvocationAgent.invoke(TestInvoker.java:822)
at org.testng.internal.TestInvoker.invokeTestMethods(TestInvoker.java:147)
at org.testng.internal.TestMethodWorker.invokeTestMethods(TestMethodWorker.java:146)
at org.testng.internal.TestMethodWorker.run(TestMethodWorker.java:128)
at java.util.ArrayList.forEach(ArrayList.java:1259)
at org.testng.TestRunner.privateRun(TestRunner.java:764)
at org.testng.TestRunner.run(TestRunner.java:585)
at org.testng.SuiteRunner.runTest(SuiteRunner.java:384)
at org.testng.SuiteRunner.runSequentially(SuiteRunner.java:378)
at org.testng.SuiteRunner.privateRun(SuiteRunner.java:337)
at org.testng.SuiteRunner.run(SuiteRunner.java:286)
at org.testng.SuiteRunnerWorker.runSuite(SuiteRunnerWorker.java:53)
at org.testng.SuiteRunnerWorker.run(SuiteRunnerWorker.java:96)
at org.testng.TestNG.runSuitesSequentially(TestNG.java:1218)
at org.testng.TestNG.runSuitesLocally(TestNG.java:1140)
at org.testng.TestNG.runSuites(TestNG.java:1069)
at org.testng.TestNG.run(TestNG.java:1037)
at org.testng.remote.AbstractRemoteTestNG.run(AbstractRemoteTestNG.java:115)
at org.testng.remote.RemoteTestNG.initAndRun(RemoteTestNG.java:251)
at org.testng.remote.RemoteTestNG.main(RemoteTestNG.java:77)
]]>
    </error>
  </testcase> <!-- testKitchenDining -->
  <system-out/>
  <testcase name="testBabyLink" time="15.791" classname="com.dollardays.testcases.HomePageTestcaseTeam8"/>
  <system-out/>
  <testcase name="testBlankets" time="15.422" classname="com.dollardays.testcases.HomePageTestcaseTeam8"/>
  <system-out/>
  <testcase name="testFirstAid" time="20.269" classname="com.dollardays.testcases.HomePageTestcaseTeam8"/>
  <system-out/>
  <testcase name="testSchoolSupplies" time="19.528" classname="com.dollardays.testcases.HomePageTestcaseTeam8"/>
  <system-out/>
  <testcase name="testShoes" time="19.089" classname="com.dollardays.testcases.HomePageTestcaseTeam8"/>
  <system-out/>
  <testcase name="testKidsClothing" time="19.822" classname="com.dollardays.testcases.HomePageTestcaseTeam8"/>
  <system-out/>
  <testcase name="testHygieneKits" time="21.487" classname="com.dollardays.testcases.HomePageTestcaseTeam8"/>
  <system-out/>
  <testcase name="testToysGames" time="19.622" classname="com.dollardays.testcases.HomePageTestcaseTeam8"/>
  <system-out/>
  <testcase name="testPPEGear" time="18.154" classname="com.dollardays.testcases.HomePageTestcaseTeam8"/>
  <system-out/>
  <testcase name="testBackpack" time="20.394" classname="com.dollardays.testcases.HomePageTestcaseTeam8"/>
  <system-out/>
  <testcase name="testFood" time="18.965" classname="com.dollardays.testcases.HomePageTestcaseTeam8"/>
  <system-out/>
  <testcase name="tetsTravelSize" time="14.012" classname="com.dollardays.testcases.HomePageTestcaseTeam8"/>
  <system-out/>
  <testcase name="testBigBoxSchoolSupplies" time="23.174" classname="com.dollardays.testcases.HomePageTestcaseTeam8"/>
  <system-out/>
  <testcase name="testForwardBackpacks" time="17.941" classname="com.dollardays.testcases.HomePageTestcaseTeam8"/>
  <system-out/>
  <testcase name="testFlipFlops" time="16.888" classname="com.dollardays.testcases.HomePageTestcaseTeam8"/>
  <system-out/>
  <testcase name="testMedicine" time="19.198" classname="com.dollardays.testcases.HomePageTestcaseTeam8"/>
  <system-out/>
  <testcase name="testOralCare" time="15.630" classname="com.dollardays.testcases.HomePageTestcaseTeam8"/>
  <system-out/>
</testsuite> <!-- com.dollardays.testcases.HomePageTestcaseTeam8 -->
